{"/Users/JingGuo/Desktop/comp531/hw5/src/actions.js":{"path":"/Users/JingGuo/Desktop/comp531/hw5/src/actions.js","s":{"1":1,"2":1,"3":1,"4":1,"5":1,"6":1,"7":1,"8":1,"9":1,"10":1,"11":1,"12":1,"13":1,"14":1,"15":1,"16":1,"17":1,"18":1,"19":1,"20":1,"21":1,"22":1,"23":1,"24":1,"25":1,"26":1,"27":1,"28":0,"29":0,"30":0,"31":0,"32":0,"33":0,"34":0},"b":{"1":[0,1],"2":[1,1],"3":[0,1],"4":[0,0],"5":[0,0],"6":[0,0]},"f":{"1":1,"2":1,"3":1,"4":1,"5":1,"6":1,"7":0,"8":0},"fnMap":{"1":{"name":"_interopRequireDefault","line":18,"loc":{"start":{"line":0,"column":0},"end":{"line":0,"column":0},"skip":true},"skip":true},"2":{"name":"nav2Main","line":44,"loc":{"start":{"line":28,"column":7},"end":{"line":28,"column":27}}},"3":{"name":"nav2Profile","line":48,"loc":{"start":{"line":32,"column":7},"end":{"line":32,"column":30}}},"4":{"name":"nav2Landing","line":52,"loc":{"start":{"line":36,"column":7},"end":{"line":36,"column":30}}},"5":{"name":"updateError","line":56,"loc":{"start":{"line":40,"column":7},"end":{"line":40,"column":36}}},"6":{"name":"updateSuccess","line":63,"loc":{"start":{"line":47,"column":7},"end":{"line":47,"column":42}}},"7":{"name":"resource","line":70,"loc":{"start":{"line":54,"column":7},"end":{"line":54,"column":52}}},"8":{"name":"(anonymous_8)","line":79,"loc":{"start":{"line":64,"column":7},"end":{"line":64,"column":12}}}},"statementMap":{"1":{"start":{"line":0,"column":0},"end":{"line":0,"column":0},"skip":true},"2":{"start":{"line":0,"column":0},"end":{"line":0,"column":0},"skip":true},"3":{"start":{"line":0,"column":0},"end":{"line":0,"column":0},"skip":true},"4":{"start":{"line":0,"column":0},"end":{"line":0,"column":0},"skip":true},"5":{"start":{"line":0,"column":0},"end":{"line":0,"column":0},"skip":true},"6":{"start":{"line":0,"column":0},"end":{"line":0,"column":0},"skip":true},"7":{"start":{"line":0,"column":0},"end":{"line":0,"column":0},"skip":true},"8":{"start":{"line":0,"column":0},"end":{"line":0,"column":0},"skip":true},"9":{"start":{"line":1,"column":-15},"end":{"line":1,"column":-15}},"10":{"start":{"line":0,"column":0},"end":{"line":0,"column":0},"skip":true},"11":{"start":{"line":0,"column":0},"end":{"line":0,"column":0},"skip":true},"12":{"start":{"line":0,"column":0},"end":{"line":0,"column":0},"skip":true},"13":{"start":{"line":3,"column":0},"end":{"line":3,"column":0}},"14":{"start":{"line":4,"column":7},"end":{"line":4,"column":7}},"15":{"start":{"line":8,"column":0},"end":{"line":8,"column":0}},"16":{"start":{"line":0,"column":0},"end":{"line":0,"column":0},"skip":true},"17":{"start":{"line":28,"column":7},"end":{"line":30,"column":1}},"18":{"start":{"line":29,"column":1},"end":{"line":29,"column":1}},"19":{"start":{"line":32,"column":7},"end":{"line":34,"column":1}},"20":{"start":{"line":33,"column":1},"end":{"line":33,"column":1}},"21":{"start":{"line":36,"column":7},"end":{"line":38,"column":1}},"22":{"start":{"line":37,"column":1},"end":{"line":37,"column":1}},"23":{"start":{"line":40,"column":7},"end":{"line":45,"column":1}},"24":{"start":{"line":41,"column":1},"end":{"line":41,"column":1}},"25":{"start":{"line":47,"column":7},"end":{"line":52,"column":1}},"26":{"start":{"line":48,"column":1},"end":{"line":48,"column":1}},"27":{"start":{"line":54,"column":7},"end":{"line":73,"column":1}},"28":{"start":{"line":56,"column":1},"end":{"line":56,"column":1}},"29":{"start":{"line":61,"column":1},"end":{"line":61,"column":14}},"30":{"start":{"line":61,"column":14},"end":{"line":61,"column":14}},"31":{"start":{"line":63,"column":1},"end":{"line":63,"column":1}},"32":{"start":{"line":65,"column":2},"end":{"line":71,"column":3}},"33":{"start":{"line":66,"column":3},"end":{"line":66,"column":3}},"34":{"start":{"line":70,"column":3},"end":{"line":70,"column":3}}},"branchMap":{"1":{"line":18,"type":"cond-expr","locations":[{"start":{"line":0,"column":0},"end":{"line":0,"column":0},"skip":true},{"start":{"line":0,"column":0},"end":{"line":0,"column":0},"skip":true}]},"2":{"line":18,"type":"binary-expr","locations":[{"start":{"line":0,"column":0},"end":{"line":0,"column":0},"skip":true},{"start":{"line":0,"column":0},"end":{"line":0,"column":0},"skip":true}]},"3":{"line":21,"type":"cond-expr","locations":[{"start":{"line":4,"column":31},"end":{"line":4,"column":19}},{"start":{"line":4,"column":57},"end":{"line":4,"column":7}}]},"4":{"line":77,"type":"if","locations":[{"start":{"line":61,"column":1},"end":{"line":61,"column":1}},{"start":{"line":61,"column":1},"end":{"line":61,"column":1}}]},"5":{"line":80,"type":"if","locations":[{"start":{"line":65,"column":2},"end":{"line":65,"column":2}},{"start":{"line":65,"column":2},"end":{"line":65,"column":2}}]},"6":{"line":81,"type":"cond-expr","locations":[{"start":{"line":66,"column":64},"end":{"line":66,"column":10}},{"start":{"line":66,"column":75},"end":{"line":66,"column":3}}]}}},"/Users/JingGuo/Desktop/comp531/hw5/src/actions.spec.js":{"path":"/Users/JingGuo/Desktop/comp531/hw5/src/actions.spec.js","s":{"1":1,"2":1,"3":1,"4":1,"5":1,"6":1,"7":1,"8":1,"9":3,"10":1,"11":0,"12":0,"13":0,"14":0,"15":0,"16":0,"17":0,"18":0,"19":0,"20":0,"21":0,"22":0,"23":0,"24":0,"25":0,"26":0,"27":0,"28":0,"29":0,"30":0,"31":0,"32":0,"33":0,"34":0,"35":0,"36":0,"37":0,"38":0,"39":0,"40":0,"41":0,"42":0,"43":0,"44":0,"45":0},"b":{"1":[1,2],"2":[3,3],"3":[0,0],"4":[0,0]},"f":{"1":3,"2":0,"3":0,"4":0,"5":0,"6":0,"7":0,"8":0,"9":0,"10":0,"11":0,"12":0,"13":0,"14":0,"15":0},"fnMap":{"1":{"name":"_interopRequireDefault","line":17,"loc":{"start":{"line":0,"column":0},"end":{"line":0,"column":0},"skip":true},"skip":true},"2":{"name":"(anonymous_2)","line":19,"loc":{"start":{"line":8,"column":73},"end":{"line":8,"column":79}}},"3":{"name":"(anonymous_3)","line":24,"loc":{"start":{"line":12,"column":12},"end":{"line":12,"column":18}}},"4":{"name":"(anonymous_4)","line":34,"loc":{"start":{"line":22,"column":11},"end":{"line":22,"column":17}}},"5":{"name":"(anonymous_5)","line":41,"loc":{"start":{"line":29,"column":60},"end":{"line":29,"column":69}}},"6":{"name":"(anonymous_6)","line":49,"loc":{"start":{"line":37,"column":31},"end":{"line":37,"column":45}}},"7":{"name":"(anonymous_7)","line":54,"loc":{"start":{"line":43,"column":46},"end":{"line":43,"column":56}}},"8":{"name":"(anonymous_8)","line":55,"loc":{"start":{"line":45,"column":9},"end":{"line":45,"column":20}}},"9":{"name":"(anonymous_9)","line":60,"loc":{"start":{"line":52,"column":36},"end":{"line":52,"column":46}}},"10":{"name":"(anonymous_10)","line":67,"loc":{"start":{"line":60,"column":8},"end":{"line":60,"column":22}}},"11":{"name":"(anonymous_11)","line":72,"loc":{"start":{"line":67,"column":74},"end":{"line":67,"column":80}}},"12":{"name":"(anonymous_12)","line":80,"loc":{"start":{"line":75,"column":78},"end":{"line":75,"column":84}}},"13":{"name":"(anonymous_13)","line":88,"loc":{"start":{"line":83,"column":31},"end":{"line":83,"column":35}}},"14":{"name":"(anonymous_14)","line":92,"loc":{"start":{"line":87,"column":28},"end":{"line":87,"column":32}}},"15":{"name":"(anonymous_15)","line":96,"loc":{"start":{"line":91,"column":31},"end":{"line":91,"column":35}}}},"statementMap":{"1":{"start":{"line":1,"column":-15},"end":{"line":1,"column":-15}},"2":{"start":{"line":0,"column":0},"end":{"line":0,"column":0},"skip":true},"3":{"start":{"line":2,"column":0},"end":{"line":2,"column":0}},"4":{"start":{"line":0,"column":0},"end":{"line":0,"column":0},"skip":true},"5":{"start":{"line":3,"column":0},"end":{"line":3,"column":0}},"6":{"start":{"line":5,"column":0},"end":{"line":5,"column":0}},"7":{"start":{"line":0,"column":0},"end":{"line":0,"column":0},"skip":true},"8":{"start":{"line":0,"column":0},"end":{"line":0,"column":0},"skip":true},"9":{"start":{"line":0,"column":0},"end":{"line":0,"column":0},"skip":true},"10":{"start":{"line":8,"column":0},"end":{"line":8,"column":0}},"11":{"start":{"line":10,"column":1},"end":{"line":10,"column":1}},"12":{"start":{"line":12,"column":1},"end":{"line":12,"column":1}},"13":{"start":{"line":13,"column":2},"end":{"line":19,"column":5}},"14":{"start":{"line":14,"column":3},"end":{"line":14,"column":3}},"15":{"start":{"line":15,"column":3},"end":{"line":15,"column":3}},"16":{"start":{"line":16,"column":3},"end":{"line":16,"column":3}},"17":{"start":{"line":17,"column":5},"end":{"line":17,"column":5}},"18":{"start":{"line":18,"column":5},"end":{"line":18,"column":5}},"19":{"start":{"line":22,"column":1},"end":{"line":22,"column":1}},"20":{"start":{"line":23,"column":4},"end":{"line":26,"column":5}},"21":{"start":{"line":24,"column":3},"end":{"line":24,"column":3}},"22":{"start":{"line":25,"column":3},"end":{"line":25,"column":3}},"23":{"start":{"line":29,"column":1},"end":{"line":29,"column":1}},"24":{"start":{"line":31,"column":2},"end":{"line":31,"column":2}},"25":{"start":{"line":37,"column":2},"end":{"line":37,"column":2}},"26":{"start":{"line":38,"column":3},"end":{"line":38,"column":3}},"27":{"start":{"line":43,"column":1},"end":{"line":43,"column":1}},"28":{"start":{"line":44,"column":2},"end":{"line":44,"column":2}},"29":{"start":{"line":46,"column":3},"end":{"line":46,"column":3}},"30":{"start":{"line":52,"column":1},"end":{"line":52,"column":1}},"31":{"start":{"line":53,"column":2},"end":{"line":53,"column":2}},"32":{"start":{"line":59,"column":2},"end":{"line":59,"column":2}},"33":{"start":{"line":61,"column":3},"end":{"line":61,"column":3}},"34":{"start":{"line":67,"column":1},"end":{"line":67,"column":1}},"35":{"start":{"line":68,"column":2},"end":{"line":68,"column":2}},"36":{"start":{"line":72,"column":2},"end":{"line":72,"column":2}},"37":{"start":{"line":75,"column":1},"end":{"line":75,"column":1}},"38":{"start":{"line":76,"column":2},"end":{"line":76,"column":2}},"39":{"start":{"line":80,"column":2},"end":{"line":80,"column":2}},"40":{"start":{"line":83,"column":1},"end":{"line":83,"column":1}},"41":{"start":{"line":84,"column":2},"end":{"line":84,"column":2}},"42":{"start":{"line":87,"column":1},"end":{"line":87,"column":1}},"43":{"start":{"line":88,"column":2},"end":{"line":88,"column":2}},"44":{"start":{"line":91,"column":1},"end":{"line":91,"column":1}},"45":{"start":{"line":92,"column":2},"end":{"line":92,"column":2}}},"branchMap":{"1":{"line":17,"type":"cond-expr","locations":[{"start":{"line":0,"column":0},"end":{"line":0,"column":0},"skip":true},{"start":{"line":0,"column":0},"end":{"line":0,"column":0},"skip":true}]},"2":{"line":17,"type":"binary-expr","locations":[{"start":{"line":0,"column":0},"end":{"line":0,"column":0},"skip":true},{"start":{"line":0,"column":0},"end":{"line":0,"column":0},"skip":true}]},"3":{"line":25,"type":"if","locations":[{"start":{"line":13,"column":2},"end":{"line":13,"column":2}},{"start":{"line":13,"column":2},"end":{"line":13,"column":2}}]},"4":{"line":35,"type":"if","locations":[{"start":{"line":23,"column":4},"end":{"line":23,"column":4}},{"start":{"line":23,"column":4},"end":{"line":23,"column":4}}]}}},"/Users/JingGuo/Desktop/comp531/hw5/src/components/app.js":{"path":"/Users/JingGuo/Desktop/comp531/hw5/src/components/app.js","s":{"1":1,"2":1,"3":1,"4":1,"5":1,"6":1,"7":1,"8":1,"9":1,"10":1,"11":1,"12":4,"13":1,"14":0,"15":0,"16":0,"17":0,"18":0,"19":0,"20":1,"21":0},"b":{"1":[3,1],"2":[4,4],"3":[0,0],"4":[0,0]},"f":{"1":4,"2":0,"3":0},"fnMap":{"1":{"name":"_interopRequireDefault","line":25,"loc":{"start":{"line":0,"column":0},"end":{"line":0,"column":0},"skip":true},"skip":true},"2":{"name":"App","line":27,"loc":{"start":{"line":7,"column":12},"end":{"line":7,"column":28}}},"3":{"name":"(anonymous_3)","line":38,"loc":{"start":{"line":16,"column":23},"end":{"line":16,"column":34}}}},"statementMap":{"1":{"start":{"line":0,"column":0},"end":{"line":0,"column":0},"skip":true},"2":{"start":{"line":1,"column":-15},"end":{"line":1,"column":-15}},"3":{"start":{"line":0,"column":0},"end":{"line":0,"column":0},"skip":true},"4":{"start":{"line":2,"column":0},"end":{"line":2,"column":0}},"5":{"start":{"line":3,"column":0},"end":{"line":3,"column":0}},"6":{"start":{"line":0,"column":0},"end":{"line":0,"column":0},"skip":true},"7":{"start":{"line":4,"column":0},"end":{"line":4,"column":0}},"8":{"start":{"line":0,"column":0},"end":{"line":0,"column":0},"skip":true},"9":{"start":{"line":5,"column":0},"end":{"line":5,"column":0}},"10":{"start":{"line":0,"column":0},"end":{"line":0,"column":0},"skip":true},"11":{"start":{"line":0,"column":0},"end":{"line":0,"column":0},"skip":true},"12":{"start":{"line":0,"column":0},"end":{"line":0,"column":0},"skip":true},"13":{"start":{"line":7,"column":0},"end":{"line":7,"column":0}},"14":{"start":{"line":7,"column":28},"end":{"line":7,"column":28}},"15":{"start":{"line":8,"column":1},"end":{"line":12,"column":2}},"16":{"start":{"line":9,"column":2},"end":{"line":9,"column":2}},"17":{"start":{"line":10,"column":8},"end":{"line":12,"column":2}},"18":{"start":{"line":11,"column":2},"end":{"line":11,"column":2}},"19":{"start":{"line":13,"column":1},"end":{"line":13,"column":1}},"20":{"start":{"line":0,"column":0},"end":{"line":0,"column":0},"skip":true},"21":{"start":{"line":17,"column":1},"end":{"line":17,"column":1}}},"branchMap":{"1":{"line":25,"type":"cond-expr","locations":[{"start":{"line":0,"column":0},"end":{"line":0,"column":0},"skip":true},{"start":{"line":0,"column":0},"end":{"line":0,"column":0},"skip":true}]},"2":{"line":25,"type":"binary-expr","locations":[{"start":{"line":0,"column":0},"end":{"line":0,"column":0},"skip":true},{"start":{"line":0,"column":0},"end":{"line":0,"column":0},"skip":true}]},"3":{"line":30,"type":"if","locations":[{"start":{"line":8,"column":1},"end":{"line":8,"column":1}},{"start":{"line":8,"column":1},"end":{"line":8,"column":1}}]},"4":{"line":32,"type":"if","locations":[{"start":{"line":10,"column":8},"end":{"line":10,"column":8}},{"start":{"line":10,"column":8},"end":{"line":10,"column":8}}]}}},"/Users/JingGuo/Desktop/comp531/hw5/src/components/main/main.js":{"path":"/Users/JingGuo/Desktop/comp531/hw5/src/components/main/main.js","s":{"1":1,"2":1,"3":1,"4":1,"5":1,"6":1,"7":1,"8":1,"9":1,"10":1,"11":1,"12":1,"13":1,"14":5,"15":1,"16":0,"17":1},"b":{"1":[4,1],"2":[5,5]},"f":{"1":5,"2":0},"fnMap":{"1":{"name":"_interopRequireDefault","line":29,"loc":{"start":{"line":0,"column":0},"end":{"line":0,"column":0},"skip":true},"skip":true},"2":{"name":"Main","line":31,"loc":{"start":{"line":8,"column":13},"end":{"line":8,"column":19}}}},"statementMap":{"1":{"start":{"line":0,"column":0},"end":{"line":0,"column":0},"skip":true},"2":{"start":{"line":1,"column":-15},"end":{"line":1,"column":-15}},"3":{"start":{"line":0,"column":0},"end":{"line":0,"column":0},"skip":true},"4":{"start":{"line":2,"column":0},"end":{"line":2,"column":0}},"5":{"start":{"line":3,"column":0},"end":{"line":3,"column":0}},"6":{"start":{"line":0,"column":0},"end":{"line":0,"column":0},"skip":true},"7":{"start":{"line":4,"column":0},"end":{"line":4,"column":0}},"8":{"start":{"line":0,"column":0},"end":{"line":0,"column":0},"skip":true},"9":{"start":{"line":5,"column":0},"end":{"line":5,"column":0}},"10":{"start":{"line":0,"column":0},"end":{"line":0,"column":0},"skip":true},"11":{"start":{"line":6,"column":0},"end":{"line":6,"column":0}},"12":{"start":{"line":0,"column":0},"end":{"line":0,"column":0},"skip":true},"13":{"start":{"line":0,"column":0},"end":{"line":0,"column":0},"skip":true},"14":{"start":{"line":0,"column":0},"end":{"line":0,"column":0},"skip":true},"15":{"start":{"line":8,"column":0},"end":{"line":8,"column":0}},"16":{"start":{"line":9,"column":1},"end":{"line":9,"column":1}},"17":{"start":{"line":0,"column":0},"end":{"line":0,"column":0},"skip":true}},"branchMap":{"1":{"line":29,"type":"cond-expr","locations":[{"start":{"line":0,"column":0},"end":{"line":0,"column":0},"skip":true},{"start":{"line":0,"column":0},"end":{"line":0,"column":0},"skip":true}]},"2":{"line":29,"type":"binary-expr","locations":[{"start":{"line":0,"column":0},"end":{"line":0,"column":0},"skip":true},{"start":{"line":0,"column":0},"end":{"line":0,"column":0},"skip":true}]}}},"/Users/JingGuo/Desktop/comp531/hw5/src/components/article/articlesView.js":{"path":"/Users/JingGuo/Desktop/comp531/hw5/src/components/article/articlesView.js","s":{"1":1,"2":1,"3":1,"4":1,"5":1,"6":1,"7":1,"8":1,"9":1,"10":2,"11":1,"12":1,"13":2,"14":1,"15":1,"16":0,"17":1,"18":2,"19":1,"20":0,"21":1,"22":1,"23":0,"24":0,"25":0,"26":0,"27":0,"28":0,"29":0,"30":0,"31":1,"32":0,"33":0,"34":0},"b":{"1":[1,1],"2":[2,2],"3":[0,1],"4":[2,2]},"f":{"1":2,"2":1,"3":2,"4":2,"5":0,"6":0,"7":0,"8":0,"9":0,"10":0,"11":0,"12":0},"fnMap":{"1":{"name":"_interopRequireDefault","line":20,"loc":{"start":{"line":0,"column":0},"end":{"line":0,"column":0},"skip":true},"skip":true},"2":{"name":"processArticles","line":22,"loc":{"start":{"line":6,"column":7},"end":{"line":6,"column":53}}},"3":{"name":"(anonymous_3)","line":24,"loc":{"start":{"line":8,"column":55},"end":{"line":8,"column":55}}},"4":{"name":"(anonymous_4)","line":32,"loc":{"start":{"line":14,"column":43},"end":{"line":14,"column":56}}},"5":{"name":"(anonymous_5)","line":36,"loc":{"start":{"line":19,"column":52},"end":{"line":19,"column":75}}},"6":{"name":"ArticleView","line":42,"loc":{"start":{"line":26,"column":20},"end":{"line":26,"column":53}}},"7":{"name":"_filterKeyword","line":48,"loc":{"start":{"line":31,"column":24},"end":{"line":31,"column":30}}},"8":{"name":"ref","line":75,"loc":{"start":{"line":47,"column":40},"end":{"line":47,"column":50}}},"9":{"name":"(anonymous_9)","line":88,"loc":{"start":{"line":54,"column":18},"end":{"line":54,"column":18}}},"10":{"name":"(anonymous_10)","line":101,"loc":{"start":{"line":70,"column":1},"end":{"line":70,"column":12}}},"11":{"name":"(anonymous_11)","line":105,"loc":{"start":{"line":75,"column":1},"end":{"line":75,"column":15}}},"12":{"name":"filterKeyword","line":107,"loc":{"start":{"line":77,"column":18},"end":{"line":77,"column":18}}}},"statementMap":{"1":{"start":{"line":0,"column":0},"end":{"line":0,"column":0},"skip":true},"2":{"start":{"line":0,"column":0},"end":{"line":0,"column":0},"skip":true},"3":{"start":{"line":1,"column":-15},"end":{"line":1,"column":-15}},"4":{"start":{"line":0,"column":0},"end":{"line":0,"column":0},"skip":true},"5":{"start":{"line":2,"column":0},"end":{"line":2,"column":0}},"6":{"start":{"line":3,"column":0},"end":{"line":3,"column":0}},"7":{"start":{"line":0,"column":0},"end":{"line":0,"column":0},"skip":true},"8":{"start":{"line":4,"column":0},"end":{"line":4,"column":0}},"9":{"start":{"line":0,"column":0},"end":{"line":0,"column":0},"skip":true},"10":{"start":{"line":0,"column":0},"end":{"line":0,"column":0},"skip":true},"11":{"start":{"line":6,"column":7},"end":{"line":23,"column":1}},"12":{"start":{"line":8,"column":1},"end":{"line":8,"column":1}},"13":{"start":{"line":8,"column":55},"end":{"line":8,"column":55}},"14":{"start":{"line":10,"column":1},"end":{"line":10,"column":1}},"15":{"start":{"line":11,"column":1},"end":{"line":18,"column":2}},"16":{"start":{"line":12,"column":2},"end":{"line":12,"column":2}},"17":{"start":{"line":14,"column":2},"end":{"line":14,"column":2}},"18":{"start":{"line":15,"column":3},"end":{"line":15,"column":3}},"19":{"start":{"line":19,"column":1},"end":{"line":19,"column":1}},"20":{"start":{"line":20,"column":2},"end":{"line":20,"column":2}},"21":{"start":{"line":22,"column":1},"end":{"line":22,"column":1}},"22":{"start":{"line":26,"column":0},"end":{"line":26,"column":0}},"23":{"start":{"line":26,"column":53},"end":{"line":26,"column":53}},"24":{"start":{"line":26,"column":53},"end":{"line":26,"column":53}},"25":{"start":{"line":27,"column":1},"end":{"line":27,"column":1}},"26":{"start":{"line":31,"column":1},"end":{"line":31,"column":1}},"27":{"start":{"line":32,"column":2},"end":{"line":32,"column":2}},"28":{"start":{"line":35,"column":1},"end":{"line":35,"column":1}},"29":{"start":{"line":47,"column":52},"end":{"line":47,"column":52}},"30":{"start":{"line":54,"column":18},"end":{"line":54,"column":18}},"31":{"start":{"line":0,"column":0},"end":{"line":0,"column":0},"skip":true},"32":{"start":{"line":71,"column":2},"end":{"line":71,"column":2}},"33":{"start":{"line":76,"column":2},"end":{"line":76,"column":2}},"34":{"start":{"line":77,"column":18},"end":{"line":77,"column":18}}},"branchMap":{"1":{"line":20,"type":"cond-expr","locations":[{"start":{"line":0,"column":0},"end":{"line":0,"column":0},"skip":true},{"start":{"line":0,"column":0},"end":{"line":0,"column":0},"skip":true}]},"2":{"line":20,"type":"binary-expr","locations":[{"start":{"line":0,"column":0},"end":{"line":0,"column":0},"skip":true},{"start":{"line":0,"column":0},"end":{"line":0,"column":0},"skip":true}]},"3":{"line":29,"type":"if","locations":[{"start":{"line":11,"column":1},"end":{"line":11,"column":1}},{"start":{"line":11,"column":1},"end":{"line":11,"column":1}}]},"4":{"line":33,"type":"binary-expr","locations":[{"start":{"line":15,"column":10},"end":{"line":15,"column":10}},{"start":{"line":16,"column":7},"end":{"line":15,"column":3}}]}}},"/Users/JingGuo/Desktop/comp531/hw5/src/components/article/article.js":{"path":"/Users/JingGuo/Desktop/comp531/hw5/src/components/article/article.js","s":{"1":1,"2":1,"3":1,"4":1,"5":1,"6":1,"7":1,"8":0,"9":0,"10":1,"11":0,"12":0,"13":0,"14":0,"15":0,"16":0,"17":0,"18":1},"b":{"1":[0,1],"2":[1,1]},"f":{"1":1,"2":0,"3":0,"4":0},"fnMap":{"1":{"name":"_interopRequireDefault","line":13,"loc":{"start":{"line":0,"column":0},"end":{"line":0,"column":0},"skip":true},"skip":true},"2":{"name":"Comment","line":15,"loc":{"start":{"line":4,"column":16},"end":{"line":4,"column":26}}},"3":{"name":"Article","line":49,"loc":{"start":{"line":18,"column":16},"end":{"line":18,"column":70}}},"4":{"name":"(anonymous_4)","line":99,"loc":{"start":{"line":39,"column":20},"end":{"line":39,"column":20}}}},"statementMap":{"1":{"start":{"line":0,"column":0},"end":{"line":0,"column":0},"skip":true},"2":{"start":{"line":1,"column":-15},"end":{"line":1,"column":-15}},"3":{"start":{"line":0,"column":0},"end":{"line":0,"column":0},"skip":true},"4":{"start":{"line":2,"column":0},"end":{"line":2,"column":0}},"5":{"start":{"line":0,"column":0},"end":{"line":0,"column":0},"skip":true},"6":{"start":{"line":0,"column":0},"end":{"line":0,"column":0},"skip":true},"7":{"start":{"line":4,"column":0},"end":{"line":4,"column":0}},"8":{"start":{"line":4,"column":26},"end":{"line":4,"column":26}},"9":{"start":{"line":5,"column":1},"end":{"line":5,"column":1}},"10":{"start":{"line":18,"column":0},"end":{"line":18,"column":0}},"11":{"start":{"line":18,"column":70},"end":{"line":18,"column":70}},"12":{"start":{"line":18,"column":70},"end":{"line":18,"column":70}},"13":{"start":{"line":18,"column":70},"end":{"line":18,"column":70}},"14":{"start":{"line":18,"column":70},"end":{"line":18,"column":70}},"15":{"start":{"line":18,"column":70},"end":{"line":18,"column":70}},"16":{"start":{"line":19,"column":1},"end":{"line":19,"column":1}},"17":{"start":{"line":39,"column":20},"end":{"line":39,"column":20}},"18":{"start":{"line":0,"column":0},"end":{"line":0,"column":0},"skip":true}},"branchMap":{"1":{"line":13,"type":"cond-expr","locations":[{"start":{"line":0,"column":0},"end":{"line":0,"column":0},"skip":true},{"start":{"line":0,"column":0},"end":{"line":0,"column":0},"skip":true}]},"2":{"line":13,"type":"binary-expr","locations":[{"start":{"line":0,"column":0},"end":{"line":0,"column":0},"skip":true},{"start":{"line":0,"column":0},"end":{"line":0,"column":0},"skip":true}]}}},"/Users/JingGuo/Desktop/comp531/hw5/src/components/article/articleActions.js":{"path":"/Users/JingGuo/Desktop/comp531/hw5/src/components/article/articleActions.js","s":{"1":1,"2":1,"3":1,"4":1,"5":1,"6":1,"7":1,"8":1,"9":1,"10":1,"11":2,"12":1,"13":0,"14":0,"15":0,"16":0,"17":0,"18":0,"19":1,"20":1},"b":{"1":[1,1],"2":[2,2]},"f":{"1":2,"2":0,"3":0,"4":0,"5":0,"6":1},"fnMap":{"1":{"name":"_interopRequireDefault","line":21,"loc":{"start":{"line":0,"column":0},"end":{"line":0,"column":0},"skip":true},"skip":true},"2":{"name":"getArticles","line":23,"loc":{"start":{"line":7,"column":7},"end":{"line":7,"column":30}}},"3":{"name":"(anonymous_3)","line":24,"loc":{"start":{"line":8,"column":8},"end":{"line":8,"column":32}}},"4":{"name":"(anonymous_4)","line":25,"loc":{"start":{"line":10,"column":8},"end":{"line":10,"column":20}}},"5":{"name":"(anonymous_5)","line":26,"loc":{"start":{"line":11,"column":45},"end":{"line":11,"column":62}}},"6":{"name":"filterKeyword","line":35,"loc":{"start":{"line":20,"column":7},"end":{"line":20,"column":39}}}},"statementMap":{"1":{"start":{"line":0,"column":0},"end":{"line":0,"column":0},"skip":true},"2":{"start":{"line":0,"column":0},"end":{"line":0,"column":0},"skip":true},"3":{"start":{"line":0,"column":0},"end":{"line":0,"column":0},"skip":true},"4":{"start":{"line":1,"column":-15},"end":{"line":1,"column":-15}},"5":{"start":{"line":0,"column":0},"end":{"line":0,"column":0},"skip":true},"6":{"start":{"line":3,"column":0},"end":{"line":3,"column":0}},"7":{"start":{"line":0,"column":0},"end":{"line":0,"column":0},"skip":true},"8":{"start":{"line":4,"column":0},"end":{"line":4,"column":0}},"9":{"start":{"line":5,"column":0},"end":{"line":5,"column":0}},"10":{"start":{"line":0,"column":0},"end":{"line":0,"column":0},"skip":true},"11":{"start":{"line":0,"column":0},"end":{"line":0,"column":0},"skip":true},"12":{"start":{"line":7,"column":7},"end":{"line":18,"column":1}},"13":{"start":{"line":8,"column":1},"end":{"line":8,"column":1}},"14":{"start":{"line":9,"column":2},"end":{"line":9,"column":2}},"15":{"start":{"line":11,"column":3},"end":{"line":11,"column":3}},"16":{"start":{"line":12,"column":4},"end":{"line":12,"column":4}},"17":{"start":{"line":13,"column":4},"end":{"line":13,"column":4}},"18":{"start":{"line":15,"column":3},"end":{"line":15,"column":3}},"19":{"start":{"line":20,"column":7},"end":{"line":26,"column":1}},"20":{"start":{"line":22,"column":1},"end":{"line":22,"column":1}}},"branchMap":{"1":{"line":21,"type":"cond-expr","locations":[{"start":{"line":0,"column":0},"end":{"line":0,"column":0},"skip":true},{"start":{"line":0,"column":0},"end":{"line":0,"column":0},"skip":true}]},"2":{"line":21,"type":"binary-expr","locations":[{"start":{"line":0,"column":0},"end":{"line":0,"column":0},"skip":true},{"start":{"line":0,"column":0},"end":{"line":0,"column":0},"skip":true}]}}},"/Users/JingGuo/Desktop/comp531/hw5/src/components/profile/profileActions.js":{"path":"/Users/JingGuo/Desktop/comp531/hw5/src/components/profile/profileActions.js","s":{"1":1,"2":1,"3":1,"4":1,"5":1,"6":1,"7":1,"8":1,"9":1,"10":1,"11":1,"12":1,"13":1,"14":0,"15":0,"16":0,"17":1,"18":0,"19":0,"20":0,"21":0,"22":0,"23":1,"24":0,"25":0,"26":0,"27":1,"28":0,"29":0,"30":0,"31":1,"32":0,"33":0,"34":0,"35":1,"36":0,"37":0,"38":0,"39":1,"40":0,"41":0,"42":0,"43":0,"44":0},"b":{"1":[1,0],"2":[1,1]},"f":{"1":1,"2":0,"3":0,"4":0,"5":0,"6":0,"7":0,"8":0,"9":0,"10":0,"11":0,"12":0,"13":0,"14":0,"15":0,"16":0,"17":0,"18":0,"19":0,"20":0,"21":0},"fnMap":{"1":{"name":"_interopRequireDefault","line":18,"loc":{"start":{"line":0,"column":0},"end":{"line":0,"column":0},"skip":true},"skip":true},"2":{"name":"getHeadline","line":20,"loc":{"start":{"line":3,"column":7},"end":{"line":3,"column":38}}},"3":{"name":"(anonymous_3)","line":21,"loc":{"start":{"line":4,"column":8},"end":{"line":4,"column":22}}},"4":{"name":"(anonymous_4)","line":22,"loc":{"start":{"line":6,"column":8},"end":{"line":6,"column":22}}},"5":{"name":"updateHeadline","line":28,"loc":{"start":{"line":12,"column":7},"end":{"line":12,"column":37}}},"6":{"name":"(anonymous_6)","line":30,"loc":{"start":{"line":14,"column":8},"end":{"line":14,"column":22}}},"7":{"name":"(anonymous_7)","line":31,"loc":{"start":{"line":16,"column":8},"end":{"line":16,"column":22}}},"8":{"name":"getAvatar","line":38,"loc":{"start":{"line":23,"column":7},"end":{"line":23,"column":28}}},"9":{"name":"(anonymous_9)","line":39,"loc":{"start":{"line":24,"column":8},"end":{"line":24,"column":22}}},"10":{"name":"(anonymous_10)","line":40,"loc":{"start":{"line":26,"column":8},"end":{"line":26,"column":22}}},"11":{"name":"getEmail","line":45,"loc":{"start":{"line":31,"column":7},"end":{"line":31,"column":27}}},"12":{"name":"(anonymous_12)","line":46,"loc":{"start":{"line":32,"column":8},"end":{"line":32,"column":22}}},"13":{"name":"(anonymous_13)","line":47,"loc":{"start":{"line":34,"column":8},"end":{"line":34,"column":22}}},"14":{"name":"getDOB","line":52,"loc":{"start":{"line":39,"column":7},"end":{"line":39,"column":25}}},"15":{"name":"(anonymous_15)","line":53,"loc":{"start":{"line":40,"column":8},"end":{"line":40,"column":22}}},"16":{"name":"(anonymous_16)","line":54,"loc":{"start":{"line":42,"column":8},"end":{"line":42,"column":22}}},"17":{"name":"getZipcode","line":59,"loc":{"start":{"line":47,"column":7},"end":{"line":47,"column":29}}},"18":{"name":"(anonymous_18)","line":60,"loc":{"start":{"line":48,"column":8},"end":{"line":48,"column":22}}},"19":{"name":"(anonymous_19)","line":61,"loc":{"start":{"line":50,"column":8},"end":{"line":50,"column":22}}},"20":{"name":"getProfile","line":67,"loc":{"start":{"line":56,"column":7},"end":{"line":56,"column":28}}},"21":{"name":"(anonymous_21)","line":68,"loc":{"start":{"line":57,"column":8},"end":{"line":57,"column":22}}}},"statementMap":{"1":{"start":{"line":0,"column":0},"end":{"line":0,"column":0},"skip":true},"2":{"start":{"line":0,"column":0},"end":{"line":0,"column":0},"skip":true},"3":{"start":{"line":0,"column":0},"end":{"line":0,"column":0},"skip":true},"4":{"start":{"line":0,"column":0},"end":{"line":0,"column":0},"skip":true},"5":{"start":{"line":0,"column":0},"end":{"line":0,"column":0},"skip":true},"6":{"start":{"line":0,"column":0},"end":{"line":0,"column":0},"skip":true},"7":{"start":{"line":0,"column":0},"end":{"line":0,"column":0},"skip":true},"8":{"start":{"line":0,"column":0},"end":{"line":0,"column":0},"skip":true},"9":{"start":{"line":1,"column":-15},"end":{"line":1,"column":-15}},"10":{"start":{"line":0,"column":0},"end":{"line":0,"column":0},"skip":true},"11":{"start":{"line":0,"column":0},"end":{"line":0,"column":0},"skip":true},"12":{"start":{"line":0,"column":0},"end":{"line":0,"column":0},"skip":true},"13":{"start":{"line":3,"column":7},"end":{"line":10,"column":1}},"14":{"start":{"line":4,"column":1},"end":{"line":4,"column":1}},"15":{"start":{"line":5,"column":2},"end":{"line":5,"column":2}},"16":{"start":{"line":7,"column":3},"end":{"line":7,"column":3}},"17":{"start":{"line":12,"column":7},"end":{"line":21,"column":1}},"18":{"start":{"line":13,"column":1},"end":{"line":13,"column":1}},"19":{"start":{"line":14,"column":1},"end":{"line":14,"column":1}},"20":{"start":{"line":15,"column":2},"end":{"line":15,"column":2}},"21":{"start":{"line":17,"column":3},"end":{"line":17,"column":3}},"22":{"start":{"line":18,"column":3},"end":{"line":18,"column":3}},"23":{"start":{"line":23,"column":7},"end":{"line":30,"column":1}},"24":{"start":{"line":24,"column":1},"end":{"line":24,"column":1}},"25":{"start":{"line":25,"column":2},"end":{"line":25,"column":2}},"26":{"start":{"line":27,"column":3},"end":{"line":27,"column":3}},"27":{"start":{"line":31,"column":7},"end":{"line":38,"column":1}},"28":{"start":{"line":32,"column":1},"end":{"line":32,"column":1}},"29":{"start":{"line":33,"column":2},"end":{"line":33,"column":2}},"30":{"start":{"line":35,"column":3},"end":{"line":35,"column":3}},"31":{"start":{"line":39,"column":7},"end":{"line":46,"column":1}},"32":{"start":{"line":40,"column":1},"end":{"line":40,"column":1}},"33":{"start":{"line":41,"column":2},"end":{"line":41,"column":2}},"34":{"start":{"line":43,"column":3},"end":{"line":43,"column":3}},"35":{"start":{"line":47,"column":7},"end":{"line":54,"column":1}},"36":{"start":{"line":48,"column":1},"end":{"line":48,"column":1}},"37":{"start":{"line":49,"column":2},"end":{"line":49,"column":2}},"38":{"start":{"line":51,"column":3},"end":{"line":51,"column":3}},"39":{"start":{"line":56,"column":7},"end":{"line":63,"column":1}},"40":{"start":{"line":57,"column":1},"end":{"line":57,"column":1}},"41":{"start":{"line":58,"column":2},"end":{"line":58,"column":2}},"42":{"start":{"line":59,"column":2},"end":{"line":59,"column":2}},"43":{"start":{"line":60,"column":2},"end":{"line":60,"column":2}},"44":{"start":{"line":61,"column":2},"end":{"line":61,"column":2}}},"branchMap":{"1":{"line":18,"type":"cond-expr","locations":[{"start":{"line":0,"column":0},"end":{"line":0,"column":0},"skip":true},{"start":{"line":0,"column":0},"end":{"line":0,"column":0},"skip":true}]},"2":{"line":18,"type":"binary-expr","locations":[{"start":{"line":0,"column":0},"end":{"line":0,"column":0},"skip":true},{"start":{"line":0,"column":0},"end":{"line":0,"column":0},"skip":true}]}}},"/Users/JingGuo/Desktop/comp531/hw5/src/components/main/followingActions.js":{"path":"/Users/JingGuo/Desktop/comp531/hw5/src/components/main/followingActions.js","s":{"1":1,"2":1,"3":1,"4":1,"5":1,"6":1,"7":1,"8":0,"9":0,"10":0,"11":0,"12":0,"13":0,"14":0,"15":0,"16":0,"17":0,"18":0,"19":0,"20":0,"21":0,"22":0,"23":0},"b":{"1":[1,0],"2":[1,1]},"f":{"1":1,"2":0,"3":0,"4":0,"5":0,"6":0,"7":0,"8":0,"9":0,"10":0,"11":0},"fnMap":{"1":{"name":"_interopRequireDefault","line":12,"loc":{"start":{"line":0,"column":0},"end":{"line":0,"column":0},"skip":true},"skip":true},"2":{"name":"getFollowers","line":14,"loc":{"start":{"line":3,"column":7},"end":{"line":3,"column":31}}},"3":{"name":"(anonymous_3)","line":15,"loc":{"start":{"line":4,"column":8},"end":{"line":4,"column":22}}},"4":{"name":"(anonymous_4)","line":16,"loc":{"start":{"line":6,"column":8},"end":{"line":6,"column":20}}},"5":{"name":"(anonymous_5)","line":17,"loc":{"start":{"line":7,"column":47},"end":{"line":7,"column":63}}},"6":{"name":"(anonymous_6)","line":23,"loc":{"start":{"line":12,"column":9},"end":{"line":12,"column":31}}},"7":{"name":"(anonymous_7)","line":24,"loc":{"start":{"line":13,"column":39},"end":{"line":13,"column":48}}},"8":{"name":"(anonymous_8)","line":29,"loc":{"start":{"line":19,"column":9},"end":{"line":19,"column":29}}},"9":{"name":"(anonymous_9)","line":30,"loc":{"start":{"line":20,"column":35},"end":{"line":20,"column":44}}},"10":{"name":"(anonymous_10)","line":35,"loc":{"start":{"line":25,"column":58},"end":{"line":25,"column":62}}},"11":{"name":"(anonymous_11)","line":38,"loc":{"start":{"line":28,"column":11},"end":{"line":28,"column":20}}}},"statementMap":{"1":{"start":{"line":0,"column":0},"end":{"line":0,"column":0},"skip":true},"2":{"start":{"line":0,"column":0},"end":{"line":0,"column":0},"skip":true},"3":{"start":{"line":1,"column":-15},"end":{"line":1,"column":-15}},"4":{"start":{"line":0,"column":0},"end":{"line":0,"column":0},"skip":true},"5":{"start":{"line":0,"column":0},"end":{"line":0,"column":0},"skip":true},"6":{"start":{"line":0,"column":0},"end":{"line":0,"column":0},"skip":true},"7":{"start":{"line":3,"column":7},"end":{"line":32,"column":1}},"8":{"start":{"line":4,"column":1},"end":{"line":4,"column":1}},"9":{"start":{"line":5,"column":2},"end":{"line":5,"column":2}},"10":{"start":{"line":7,"column":3},"end":{"line":7,"column":3}},"11":{"start":{"line":7,"column":64},"end":{"line":7,"column":93}},"12":{"start":{"line":7,"column":93},"end":{"line":7,"column":93}},"13":{"start":{"line":8,"column":3},"end":{"line":8,"column":3}},"14":{"start":{"line":9,"column":3},"end":{"line":9,"column":3}},"15":{"start":{"line":11,"column":3},"end":{"line":11,"column":3}},"16":{"start":{"line":13,"column":4},"end":{"line":13,"column":4}},"17":{"start":{"line":14,"column":5},"end":{"line":14,"column":5}},"18":{"start":{"line":18,"column":3},"end":{"line":18,"column":3}},"19":{"start":{"line":20,"column":4},"end":{"line":20,"column":4}},"20":{"start":{"line":21,"column":5},"end":{"line":21,"column":5}},"21":{"start":{"line":25,"column":3},"end":{"line":25,"column":3}},"22":{"start":{"line":26,"column":4},"end":{"line":26,"column":4}},"23":{"start":{"line":29,"column":3},"end":{"line":29,"column":3}}},"branchMap":{"1":{"line":12,"type":"cond-expr","locations":[{"start":{"line":0,"column":0},"end":{"line":0,"column":0},"skip":true},{"start":{"line":0,"column":0},"end":{"line":0,"column":0},"skip":true}]},"2":{"line":12,"type":"binary-expr","locations":[{"start":{"line":0,"column":0},"end":{"line":0,"column":0},"skip":true},{"start":{"line":0,"column":0},"end":{"line":0,"column":0},"skip":true}]}}},"/Users/JingGuo/Desktop/comp531/hw5/src/components/main/headline.js":{"path":"/Users/JingGuo/Desktop/comp531/hw5/src/components/main/headline.js","s":{"1":1,"2":1,"3":1,"4":1,"5":1,"6":1,"7":1,"8":1,"9":2,"10":1,"11":0,"12":0,"13":0,"14":0,"15":0,"16":0,"17":0,"18":0,"19":0,"20":0,"21":0,"22":0,"23":1,"24":0,"25":0,"26":0},"b":{"1":[1,1],"2":[2,2],"3":[0,0],"4":[0,0]},"f":{"1":2,"2":0,"3":0,"4":0,"5":0,"6":0,"7":0},"fnMap":{"1":{"name":"_interopRequireDefault","line":19,"loc":{"start":{"line":0,"column":0},"end":{"line":0,"column":0},"skip":true},"skip":true},"2":{"name":"Headline","line":21,"loc":{"start":{"line":6,"column":17},"end":{"line":6,"column":67}}},"3":{"name":"_updateHeadline","line":29,"loc":{"start":{"line":9,"column":25},"end":{"line":9,"column":31}}},"4":{"name":"ref","line":69,"loc":{"start":{"line":31,"column":30},"end":{"line":31,"column":40}}},"5":{"name":"(anonymous_5)","line":81,"loc":{"start":{"line":39,"column":1},"end":{"line":39,"column":12}}},"6":{"name":"(anonymous_6)","line":87,"loc":{"start":{"line":45,"column":3},"end":{"line":45,"column":17}}},"7":{"name":"updateHeadline","line":89,"loc":{"start":{"line":47,"column":18},"end":{"line":47,"column":18}}}},"statementMap":{"1":{"start":{"line":0,"column":0},"end":{"line":0,"column":0},"skip":true},"2":{"start":{"line":1,"column":-15},"end":{"line":1,"column":-15}},"3":{"start":{"line":0,"column":0},"end":{"line":0,"column":0},"skip":true},"4":{"start":{"line":2,"column":0},"end":{"line":2,"column":0}},"5":{"start":{"line":3,"column":0},"end":{"line":3,"column":0}},"6":{"start":{"line":4,"column":0},"end":{"line":4,"column":0}},"7":{"start":{"line":0,"column":0},"end":{"line":0,"column":0},"skip":true},"8":{"start":{"line":0,"column":0},"end":{"line":0,"column":0},"skip":true},"9":{"start":{"line":0,"column":0},"end":{"line":0,"column":0},"skip":true},"10":{"start":{"line":6,"column":0},"end":{"line":6,"column":0}},"11":{"start":{"line":6,"column":67},"end":{"line":6,"column":67}},"12":{"start":{"line":6,"column":67},"end":{"line":6,"column":67}},"13":{"start":{"line":6,"column":67},"end":{"line":6,"column":67}},"14":{"start":{"line":6,"column":67},"end":{"line":6,"column":67}},"15":{"start":{"line":7,"column":1},"end":{"line":7,"column":1}},"16":{"start":{"line":9,"column":1},"end":{"line":9,"column":1}},"17":{"start":{"line":10,"column":2},"end":{"line":10,"column":2}},"18":{"start":{"line":11,"column":2},"end":{"line":14,"column":3}},"19":{"start":{"line":12,"column":3},"end":{"line":12,"column":3}},"20":{"start":{"line":13,"column":3},"end":{"line":13,"column":3}},"21":{"start":{"line":16,"column":1},"end":{"line":16,"column":1}},"22":{"start":{"line":31,"column":42},"end":{"line":31,"column":42}},"23":{"start":{"line":0,"column":0},"end":{"line":0,"column":0},"skip":true},"24":{"start":{"line":40,"column":1},"end":{"line":40,"column":1}},"25":{"start":{"line":46,"column":1},"end":{"line":46,"column":1}},"26":{"start":{"line":47,"column":18},"end":{"line":47,"column":18}}},"branchMap":{"1":{"line":19,"type":"cond-expr","locations":[{"start":{"line":0,"column":0},"end":{"line":0,"column":0},"skip":true},{"start":{"line":0,"column":0},"end":{"line":0,"column":0},"skip":true}]},"2":{"line":19,"type":"binary-expr","locations":[{"start":{"line":0,"column":0},"end":{"line":0,"column":0},"skip":true},{"start":{"line":0,"column":0},"end":{"line":0,"column":0},"skip":true}]},"3":{"line":31,"type":"if","locations":[{"start":{"line":11,"column":2},"end":{"line":11,"column":2}},{"start":{"line":11,"column":2},"end":{"line":11,"column":2}}]},"4":{"line":31,"type":"binary-expr","locations":[{"start":{"line":11,"column":6},"end":{"line":11,"column":6}},{"start":{"line":11,"column":21},"end":{"line":11,"column":2}}]}}},"/Users/JingGuo/Desktop/comp531/hw5/src/components/main/following.js":{"path":"/Users/JingGuo/Desktop/comp531/hw5/src/components/main/following.js","s":{"1":1,"2":1,"3":1,"4":1,"5":1,"6":1,"7":1,"8":0,"9":0,"10":0,"11":0,"12":1,"13":0,"14":0,"15":0,"16":0,"17":1,"18":0},"b":{"1":[0,1],"2":[1,1]},"f":{"1":1,"2":0,"3":0,"4":0,"5":0,"6":0},"fnMap":{"1":{"name":"_interopRequireDefault","line":13,"loc":{"start":{"line":0,"column":0},"end":{"line":0,"column":0},"skip":true},"skip":true},"2":{"name":"Follower","line":15,"loc":{"start":{"line":4,"column":17},"end":{"line":4,"column":53}}},"3":{"name":"FollowingView","line":58,"loc":{"start":{"line":25,"column":22},"end":{"line":25,"column":41}}},"4":{"name":"(anonymous_4)","line":70,"loc":{"start":{"line":33,"column":38},"end":{"line":33,"column":38}}},"5":{"name":"(anonymous_5)","line":72,"loc":{"start":{"line":34,"column":29},"end":{"line":34,"column":29}}},"6":{"name":"(anonymous_6)","line":82,"loc":{"start":{"line":49,"column":1},"end":{"line":49,"column":12}}}},"statementMap":{"1":{"start":{"line":0,"column":0},"end":{"line":0,"column":0},"skip":true},"2":{"start":{"line":1,"column":-15},"end":{"line":1,"column":-15}},"3":{"start":{"line":0,"column":0},"end":{"line":0,"column":0},"skip":true},"4":{"start":{"line":2,"column":0},"end":{"line":2,"column":0}},"5":{"start":{"line":0,"column":0},"end":{"line":0,"column":0},"skip":true},"6":{"start":{"line":0,"column":0},"end":{"line":0,"column":0},"skip":true},"7":{"start":{"line":4,"column":0},"end":{"line":4,"column":0}},"8":{"start":{"line":4,"column":53},"end":{"line":4,"column":53}},"9":{"start":{"line":4,"column":53},"end":{"line":4,"column":53}},"10":{"start":{"line":4,"column":53},"end":{"line":4,"column":53}},"11":{"start":{"line":5,"column":1},"end":{"line":5,"column":1}},"12":{"start":{"line":25,"column":0},"end":{"line":25,"column":0}},"13":{"start":{"line":25,"column":41},"end":{"line":25,"column":41}},"14":{"start":{"line":27,"column":1},"end":{"line":27,"column":1}},"15":{"start":{"line":33,"column":38},"end":{"line":33,"column":38}},"16":{"start":{"line":34,"column":29},"end":{"line":34,"column":29}},"17":{"start":{"line":0,"column":0},"end":{"line":0,"column":0},"skip":true},"18":{"start":{"line":50,"column":2},"end":{"line":50,"column":2}}},"branchMap":{"1":{"line":13,"type":"cond-expr","locations":[{"start":{"line":0,"column":0},"end":{"line":0,"column":0},"skip":true},{"start":{"line":0,"column":0},"end":{"line":0,"column":0},"skip":true}]},"2":{"line":13,"type":"binary-expr","locations":[{"start":{"line":0,"column":0},"end":{"line":0,"column":0},"skip":true},{"start":{"line":0,"column":0},"end":{"line":0,"column":0},"skip":true}]}}},"/Users/JingGuo/Desktop/comp531/hw5/src/components/main/nav.js":{"path":"/Users/JingGuo/Desktop/comp531/hw5/src/components/main/nav.js","s":{"1":1,"2":1,"3":1,"4":1,"5":1,"6":1,"7":1,"8":1,"9":1,"10":0,"11":0,"12":0,"13":0,"14":0,"15":1,"16":0,"17":0,"18":0,"19":0,"20":0},"b":{"1":[0,1],"2":[1,1]},"f":{"1":1,"2":0,"3":0,"4":0,"5":0,"6":0,"7":0},"fnMap":{"1":{"name":"_interopRequireDefault","line":17,"loc":{"start":{"line":0,"column":0},"end":{"line":0,"column":0},"skip":true},"skip":true},"2":{"name":"NaviBar","line":19,"loc":{"start":{"line":6,"column":16},"end":{"line":6,"column":62}}},"3":{"name":"(anonymous_3)","line":46,"loc":{"start":{"line":23,"column":1},"end":{"line":23,"column":15}}},"4":{"name":"toMain","line":48,"loc":{"start":{"line":25,"column":11},"end":{"line":25,"column":11}}},"5":{"name":"toLanding","line":51,"loc":{"start":{"line":26,"column":14},"end":{"line":26,"column":14}}},"6":{"name":"toProfile","line":54,"loc":{"start":{"line":27,"column":14},"end":{"line":27,"column":14}}},"7":{"name":"logout","line":57,"loc":{"start":{"line":28,"column":11},"end":{"line":28,"column":11}}}},"statementMap":{"1":{"start":{"line":0,"column":0},"end":{"line":0,"column":0},"skip":true},"2":{"start":{"line":1,"column":-15},"end":{"line":1,"column":-15}},"3":{"start":{"line":0,"column":0},"end":{"line":0,"column":0},"skip":true},"4":{"start":{"line":2,"column":0},"end":{"line":2,"column":0}},"5":{"start":{"line":3,"column":0},"end":{"line":3,"column":0}},"6":{"start":{"line":4,"column":0},"end":{"line":4,"column":0}},"7":{"start":{"line":0,"column":0},"end":{"line":0,"column":0},"skip":true},"8":{"start":{"line":0,"column":0},"end":{"line":0,"column":0},"skip":true},"9":{"start":{"line":6,"column":0},"end":{"line":6,"column":0}},"10":{"start":{"line":6,"column":62},"end":{"line":6,"column":62}},"11":{"start":{"line":6,"column":62},"end":{"line":6,"column":62}},"12":{"start":{"line":6,"column":62},"end":{"line":6,"column":62}},"13":{"start":{"line":6,"column":62},"end":{"line":6,"column":62}},"14":{"start":{"line":7,"column":1},"end":{"line":7,"column":1}},"15":{"start":{"line":0,"column":0},"end":{"line":0,"column":0},"skip":true},"16":{"start":{"line":24,"column":2},"end":{"line":24,"column":2}},"17":{"start":{"line":25,"column":11},"end":{"line":25,"column":11}},"18":{"start":{"line":26,"column":14},"end":{"line":26,"column":14}},"19":{"start":{"line":27,"column":14},"end":{"line":27,"column":14}},"20":{"start":{"line":28,"column":11},"end":{"line":28,"column":11}}},"branchMap":{"1":{"line":17,"type":"cond-expr","locations":[{"start":{"line":0,"column":0},"end":{"line":0,"column":0},"skip":true},{"start":{"line":0,"column":0},"end":{"line":0,"column":0},"skip":true}]},"2":{"line":17,"type":"binary-expr","locations":[{"start":{"line":0,"column":0},"end":{"line":0,"column":0},"skip":true},{"start":{"line":0,"column":0},"end":{"line":0,"column":0},"skip":true}]}}},"/Users/JingGuo/Desktop/comp531/hw5/src/components/auth/authActions.js":{"path":"/Users/JingGuo/Desktop/comp531/hw5/src/components/auth/authActions.js","s":{"1":1,"2":1,"3":1,"4":1,"5":1,"6":1,"7":1,"8":1,"9":1,"10":1,"11":1,"12":2,"13":1,"14":0,"15":0,"16":0,"17":0,"18":0,"19":0,"20":0,"21":1,"22":0,"23":0,"24":0,"25":0,"26":0,"27":0,"28":0,"29":1,"30":0,"31":0,"32":0,"33":0},"b":{"1":[1,1],"2":[2,2]},"f":{"1":2,"2":0,"3":0,"4":0,"5":0,"6":0,"7":0,"8":0,"9":0,"10":0,"11":0,"12":0,"13":0,"14":0,"15":0,"16":0,"17":0},"fnMap":{"1":{"name":"_interopRequireDefault","line":23,"loc":{"start":{"line":0,"column":0},"end":{"line":0,"column":0},"skip":true},"skip":true},"2":{"name":"initialVisit","line":25,"loc":{"start":{"line":9,"column":21},"end":{"line":9,"column":35}}},"3":{"name":"(anonymous_3)","line":26,"loc":{"start":{"line":10,"column":8},"end":{"line":10,"column":22}}},"4":{"name":"(anonymous_4)","line":27,"loc":{"start":{"line":12,"column":8},"end":{"line":12,"column":22}}},"5":{"name":"(anonymous_5)","line":29,"loc":{"start":{"line":15,"column":8},"end":{"line":15,"column":22}}},"6":{"name":"(anonymous_6)","line":31,"loc":{"start":{"line":18,"column":8},"end":{"line":18,"column":22}}},"7":{"name":"(anonymous_7)","line":33,"loc":{"start":{"line":21,"column":8},"end":{"line":21,"column":22}}},"8":{"name":"(anonymous_8)","line":35,"loc":{"start":{"line":24,"column":8},"end":{"line":24,"column":22}}},"9":{"name":"login","line":41,"loc":{"start":{"line":30,"column":7},"end":{"line":30,"column":42}}},"10":{"name":"(anonymous_10)","line":42,"loc":{"start":{"line":31,"column":11},"end":{"line":31,"column":25}}},"11":{"name":"(anonymous_11)","line":43,"loc":{"start":{"line":33,"column":14},"end":{"line":33,"column":28}}},"12":{"name":"(anonymous_12)","line":46,"loc":{"start":{"line":36,"column":17},"end":{"line":36,"column":26}}},"13":{"name":"(anonymous_13)","line":48,"loc":{"start":{"line":38,"column":23},"end":{"line":38,"column":33}}},"14":{"name":"logout","line":55,"loc":{"start":{"line":44,"column":7},"end":{"line":44,"column":25}}},"15":{"name":"(anonymous_15)","line":56,"loc":{"start":{"line":45,"column":8},"end":{"line":45,"column":22}}},"16":{"name":"(anonymous_16)","line":57,"loc":{"start":{"line":47,"column":8},"end":{"line":47,"column":22}}},"17":{"name":"(anonymous_17)","line":59,"loc":{"start":{"line":50,"column":8},"end":{"line":50,"column":22}}}},"statementMap":{"1":{"start":{"line":0,"column":0},"end":{"line":0,"column":0},"skip":true},"2":{"start":{"line":0,"column":0},"end":{"line":0,"column":0},"skip":true},"3":{"start":{"line":0,"column":0},"end":{"line":0,"column":0},"skip":true},"4":{"start":{"line":1,"column":-15},"end":{"line":1,"column":-15}},"5":{"start":{"line":0,"column":0},"end":{"line":0,"column":0},"skip":true},"6":{"start":{"line":3,"column":0},"end":{"line":3,"column":0}},"7":{"start":{"line":0,"column":0},"end":{"line":0,"column":0},"skip":true},"8":{"start":{"line":4,"column":0},"end":{"line":4,"column":0}},"9":{"start":{"line":5,"column":0},"end":{"line":5,"column":0}},"10":{"start":{"line":6,"column":0},"end":{"line":6,"column":0}},"11":{"start":{"line":0,"column":0},"end":{"line":0,"column":0},"skip":true},"12":{"start":{"line":0,"column":0},"end":{"line":0,"column":0},"skip":true},"13":{"start":{"line":9,"column":0},"end":{"line":9,"column":0}},"14":{"start":{"line":10,"column":1},"end":{"line":10,"column":1}},"15":{"start":{"line":11,"column":2},"end":{"line":11,"column":2}},"16":{"start":{"line":13,"column":3},"end":{"line":13,"column":3}},"17":{"start":{"line":16,"column":3},"end":{"line":16,"column":3}},"18":{"start":{"line":19,"column":3},"end":{"line":19,"column":3}},"19":{"start":{"line":22,"column":3},"end":{"line":22,"column":3}},"20":{"start":{"line":25,"column":3},"end":{"line":25,"column":3}},"21":{"start":{"line":30,"column":7},"end":{"line":42,"column":1}},"22":{"start":{"line":31,"column":4},"end":{"line":31,"column":4}},"23":{"start":{"line":32,"column":8},"end":{"line":32,"column":8}},"24":{"start":{"line":34,"column":12},"end":{"line":34,"column":12}},"25":{"start":{"line":35,"column":12},"end":{"line":35,"column":12}},"26":{"start":{"line":37,"column":12},"end":{"line":37,"column":12}},"27":{"start":{"line":38,"column":12},"end":{"line":38,"column":12}},"28":{"start":{"line":38,"column":34},"end":{"line":38,"column":34}},"29":{"start":{"line":44,"column":7},"end":{"line":54,"column":1}},"30":{"start":{"line":45,"column":1},"end":{"line":45,"column":1}},"31":{"start":{"line":46,"column":2},"end":{"line":46,"column":2}},"32":{"start":{"line":48,"column":3},"end":{"line":48,"column":3}},"33":{"start":{"line":51,"column":3},"end":{"line":51,"column":3}}},"branchMap":{"1":{"line":23,"type":"cond-expr","locations":[{"start":{"line":0,"column":0},"end":{"line":0,"column":0},"skip":true},{"start":{"line":0,"column":0},"end":{"line":0,"column":0},"skip":true}]},"2":{"line":23,"type":"binary-expr","locations":[{"start":{"line":0,"column":0},"end":{"line":0,"column":0},"skip":true},{"start":{"line":0,"column":0},"end":{"line":0,"column":0},"skip":true}]}}},"/Users/JingGuo/Desktop/comp531/hw5/src/components/profile/profile.js":{"path":"/Users/JingGuo/Desktop/comp531/hw5/src/components/profile/profile.js","s":{"1":1,"2":1,"3":1,"4":1,"5":1,"6":1,"7":1,"8":2,"9":1,"10":0,"11":0,"12":0,"13":0,"14":0,"15":0,"16":1,"17":0,"18":0,"19":0},"b":{"1":[1,1],"2":[2,2]},"f":{"1":2,"2":0,"3":0,"4":0,"5":0},"fnMap":{"1":{"name":"_interopRequireDefault","line":17,"loc":{"start":{"line":0,"column":0},"end":{"line":0,"column":0},"skip":true},"skip":true},"2":{"name":"Profile","line":19,"loc":{"start":{"line":5,"column":16},"end":{"line":5,"column":66}}},"3":{"name":"(anonymous_3)","line":92,"loc":{"start":{"line":44,"column":1},"end":{"line":44,"column":12}}},"4":{"name":"(anonymous_4)","line":100,"loc":{"start":{"line":53,"column":1},"end":{"line":53,"column":15}}},"5":{"name":"updateAvatar","line":102,"loc":{"start":{"line":55,"column":17},"end":{"line":55,"column":17}}}},"statementMap":{"1":{"start":{"line":0,"column":0},"end":{"line":0,"column":0},"skip":true},"2":{"start":{"line":1,"column":-15},"end":{"line":1,"column":-15}},"3":{"start":{"line":0,"column":0},"end":{"line":0,"column":0},"skip":true},"4":{"start":{"line":2,"column":0},"end":{"line":2,"column":0}},"5":{"start":{"line":3,"column":0},"end":{"line":3,"column":0}},"6":{"start":{"line":0,"column":0},"end":{"line":0,"column":0},"skip":true},"7":{"start":{"line":0,"column":0},"end":{"line":0,"column":0},"skip":true},"8":{"start":{"line":0,"column":0},"end":{"line":0,"column":0},"skip":true},"9":{"start":{"line":5,"column":0},"end":{"line":5,"column":0}},"10":{"start":{"line":5,"column":66},"end":{"line":5,"column":66}},"11":{"start":{"line":5,"column":66},"end":{"line":5,"column":66}},"12":{"start":{"line":5,"column":66},"end":{"line":5,"column":66}},"13":{"start":{"line":5,"column":66},"end":{"line":5,"column":66}},"14":{"start":{"line":5,"column":66},"end":{"line":5,"column":66}},"15":{"start":{"line":6,"column":1},"end":{"line":6,"column":1}},"16":{"start":{"line":0,"column":0},"end":{"line":0,"column":0},"skip":true},"17":{"start":{"line":45,"column":2},"end":{"line":45,"column":2}},"18":{"start":{"line":54,"column":2},"end":{"line":54,"column":2}},"19":{"start":{"line":55,"column":17},"end":{"line":55,"column":17}}},"branchMap":{"1":{"line":17,"type":"cond-expr","locations":[{"start":{"line":0,"column":0},"end":{"line":0,"column":0},"skip":true},{"start":{"line":0,"column":0},"end":{"line":0,"column":0},"skip":true}]},"2":{"line":17,"type":"binary-expr","locations":[{"start":{"line":0,"column":0},"end":{"line":0,"column":0},"skip":true},{"start":{"line":0,"column":0},"end":{"line":0,"column":0},"skip":true}]}}},"/Users/JingGuo/Desktop/comp531/hw5/src/components/auth/landing.js":{"path":"/Users/JingGuo/Desktop/comp531/hw5/src/components/auth/landing.js","s":{"1":1,"2":1,"3":1,"4":1,"5":1,"6":1,"7":1,"8":1,"9":1,"10":1,"11":1,"12":4,"13":1,"14":0,"15":0,"16":1,"17":0},"b":{"1":[3,1],"2":[4,4]},"f":{"1":4,"2":0,"3":0},"fnMap":{"1":{"name":"_interopRequireDefault","line":25,"loc":{"start":{"line":0,"column":0},"end":{"line":0,"column":0},"skip":true},"skip":true},"2":{"name":"Landing","line":27,"loc":{"start":{"line":7,"column":16},"end":{"line":7,"column":34}}},"3":{"name":"(anonymous_3)","line":88,"loc":{"start":{"line":44,"column":23},"end":{"line":44,"column":34}}}},"statementMap":{"1":{"start":{"line":0,"column":0},"end":{"line":0,"column":0},"skip":true},"2":{"start":{"line":1,"column":-15},"end":{"line":1,"column":-15}},"3":{"start":{"line":0,"column":0},"end":{"line":0,"column":0},"skip":true},"4":{"start":{"line":2,"column":0},"end":{"line":2,"column":0}},"5":{"start":{"line":3,"column":0},"end":{"line":3,"column":0}},"6":{"start":{"line":0,"column":0},"end":{"line":0,"column":0},"skip":true},"7":{"start":{"line":4,"column":0},"end":{"line":4,"column":0}},"8":{"start":{"line":0,"column":0},"end":{"line":0,"column":0},"skip":true},"9":{"start":{"line":5,"column":0},"end":{"line":5,"column":0}},"10":{"start":{"line":0,"column":0},"end":{"line":0,"column":0},"skip":true},"11":{"start":{"line":0,"column":0},"end":{"line":0,"column":0},"skip":true},"12":{"start":{"line":0,"column":0},"end":{"line":0,"column":0},"skip":true},"13":{"start":{"line":7,"column":0},"end":{"line":7,"column":0}},"14":{"start":{"line":7,"column":34},"end":{"line":7,"column":34}},"15":{"start":{"line":8,"column":1},"end":{"line":8,"column":1}},"16":{"start":{"line":0,"column":0},"end":{"line":0,"column":0},"skip":true},"17":{"start":{"line":45,"column":1},"end":{"line":45,"column":1}}},"branchMap":{"1":{"line":25,"type":"cond-expr","locations":[{"start":{"line":0,"column":0},"end":{"line":0,"column":0},"skip":true},{"start":{"line":0,"column":0},"end":{"line":0,"column":0},"skip":true}]},"2":{"line":25,"type":"binary-expr","locations":[{"start":{"line":0,"column":0},"end":{"line":0,"column":0},"skip":true},{"start":{"line":0,"column":0},"end":{"line":0,"column":0},"skip":true}]}}},"/Users/JingGuo/Desktop/comp531/hw5/src/components/auth/login.js":{"path":"/Users/JingGuo/Desktop/comp531/hw5/src/components/auth/login.js","s":{"1":1,"2":1,"3":1,"4":1,"5":1,"6":1,"7":1,"8":1,"9":0,"10":0,"11":0,"12":0,"13":0,"14":0,"15":0,"16":0,"17":0,"18":0,"19":1,"20":0,"21":0},"b":{"1":[0,1],"2":[1,1],"3":[0,0],"4":[0,0,0,0]},"f":{"1":1,"2":0,"3":0,"4":0,"5":0,"6":0,"7":0},"fnMap":{"1":{"name":"_interopRequireDefault","line":15,"loc":{"start":{"line":0,"column":0},"end":{"line":0,"column":0},"skip":true},"skip":true},"2":{"name":"Login","line":17,"loc":{"start":{"line":5,"column":14},"end":{"line":5,"column":27}}},"3":{"name":"_login","line":23,"loc":{"start":{"line":8,"column":16},"end":{"line":8,"column":22}}},"4":{"name":"ref","line":43,"loc":{"start":{"line":20,"column":38},"end":{"line":20,"column":48}}},"5":{"name":"ref","line":51,"loc":{"start":{"line":23,"column":41},"end":{"line":23,"column":51}}},"6":{"name":"(anonymous_6)","line":67,"loc":{"start":{"line":36,"column":1},"end":{"line":36,"column":15}}},"7":{"name":"login","line":69,"loc":{"start":{"line":38,"column":10},"end":{"line":38,"column":10}}}},"statementMap":{"1":{"start":{"line":0,"column":0},"end":{"line":0,"column":0},"skip":true},"2":{"start":{"line":1,"column":-15},"end":{"line":1,"column":-15}},"3":{"start":{"line":0,"column":0},"end":{"line":0,"column":0},"skip":true},"4":{"start":{"line":2,"column":0},"end":{"line":2,"column":0}},"5":{"start":{"line":3,"column":0},"end":{"line":3,"column":0}},"6":{"start":{"line":0,"column":0},"end":{"line":0,"column":0},"skip":true},"7":{"start":{"line":0,"column":0},"end":{"line":0,"column":0},"skip":true},"8":{"start":{"line":5,"column":0},"end":{"line":5,"column":0}},"9":{"start":{"line":5,"column":27},"end":{"line":5,"column":27}},"10":{"start":{"line":6,"column":1},"end":{"line":6,"column":1}},"11":{"start":{"line":8,"column":1},"end":{"line":8,"column":1}},"12":{"start":{"line":9,"column":2},"end":{"line":13,"column":3}},"13":{"start":{"line":10,"column":3},"end":{"line":10,"column":3}},"14":{"start":{"line":11,"column":3},"end":{"line":11,"column":3}},"15":{"start":{"line":12,"column":3},"end":{"line":12,"column":3}},"16":{"start":{"line":16,"column":1},"end":{"line":16,"column":1}},"17":{"start":{"line":20,"column":50},"end":{"line":20,"column":50}},"18":{"start":{"line":23,"column":53},"end":{"line":23,"column":53}},"19":{"start":{"line":0,"column":0},"end":{"line":0,"column":0},"skip":true},"20":{"start":{"line":37,"column":2},"end":{"line":37,"column":2}},"21":{"start":{"line":38,"column":10},"end":{"line":38,"column":10}}},"branchMap":{"1":{"line":15,"type":"cond-expr","locations":[{"start":{"line":0,"column":0},"end":{"line":0,"column":0},"skip":true},{"start":{"line":0,"column":0},"end":{"line":0,"column":0},"skip":true}]},"2":{"line":15,"type":"binary-expr","locations":[{"start":{"line":0,"column":0},"end":{"line":0,"column":0},"skip":true},{"start":{"line":0,"column":0},"end":{"line":0,"column":0},"skip":true}]},"3":{"line":24,"type":"if","locations":[{"start":{"line":9,"column":2},"end":{"line":9,"column":2}},{"start":{"line":9,"column":2},"end":{"line":9,"column":2}}]},"4":{"line":24,"type":"binary-expr","locations":[{"start":{"line":9,"column":6},"end":{"line":9,"column":6}},{"start":{"line":9,"column":18},"end":{"line":9,"column":6}},{"start":{"line":9,"column":36},"end":{"line":9,"column":6}},{"start":{"line":9,"column":48},"end":{"line":9,"column":2}}]}}},"/Users/JingGuo/Desktop/comp531/hw5/src/components/auth/register.js":{"path":"/Users/JingGuo/Desktop/comp531/hw5/src/components/auth/register.js","s":{"1":1,"2":1,"3":1,"4":1,"5":1,"6":1,"7":1,"8":0,"9":1},"b":{"1":[0,1],"2":[1,1]},"f":{"1":1,"2":0},"fnMap":{"1":{"name":"_interopRequireDefault","line":13,"loc":{"start":{"line":0,"column":0},"end":{"line":0,"column":0},"skip":true},"skip":true},"2":{"name":"Register","line":15,"loc":{"start":{"line":4,"column":17},"end":{"line":4,"column":23}}}},"statementMap":{"1":{"start":{"line":0,"column":0},"end":{"line":0,"column":0},"skip":true},"2":{"start":{"line":1,"column":-15},"end":{"line":1,"column":-15}},"3":{"start":{"line":0,"column":0},"end":{"line":0,"column":0},"skip":true},"4":{"start":{"line":2,"column":0},"end":{"line":2,"column":0}},"5":{"start":{"line":0,"column":0},"end":{"line":0,"column":0},"skip":true},"6":{"start":{"line":0,"column":0},"end":{"line":0,"column":0},"skip":true},"7":{"start":{"line":4,"column":0},"end":{"line":4,"column":0}},"8":{"start":{"line":5,"column":1},"end":{"line":5,"column":1}},"9":{"start":{"line":0,"column":0},"end":{"line":0,"column":0},"skip":true}},"branchMap":{"1":{"line":13,"type":"cond-expr","locations":[{"start":{"line":0,"column":0},"end":{"line":0,"column":0},"skip":true},{"start":{"line":0,"column":0},"end":{"line":0,"column":0},"skip":true}]},"2":{"line":13,"type":"binary-expr","locations":[{"start":{"line":0,"column":0},"end":{"line":0,"column":0},"skip":true},{"start":{"line":0,"column":0},"end":{"line":0,"column":0},"skip":true}]}}},"/Users/JingGuo/Desktop/comp531/hw5/src/components/article/articleActions.spec.js":{"path":"/Users/JingGuo/Desktop/comp531/hw5/src/components/article/articleActions.spec.js","s":{"1":1,"2":1,"3":1,"4":1,"5":1,"6":1,"7":1,"8":1,"9":3,"10":1,"11":1,"12":0,"13":0,"14":0,"15":0,"16":0,"17":0,"18":0,"19":0,"20":0,"21":0,"22":0,"23":0,"24":0,"25":0,"26":0,"27":0,"28":0,"29":0,"30":0,"31":0,"32":0,"33":0,"34":0,"35":0,"36":0,"37":0},"b":{"1":[1,2],"2":[3,3],"3":[0,0],"4":[0,0]},"f":{"1":3,"2":0,"3":0,"4":0,"5":0,"6":0,"7":0},"fnMap":{"1":{"name":"_interopRequireDefault","line":17,"loc":{"start":{"line":0,"column":0},"end":{"line":0,"column":0},"skip":true},"skip":true},"2":{"name":"(anonymous_2)","line":24,"loc":{"start":{"line":9,"column":37},"end":{"line":9,"column":43}}},"3":{"name":"(anonymous_3)","line":26,"loc":{"start":{"line":11,"column":15},"end":{"line":11,"column":21}}},"4":{"name":"(anonymous_4)","line":38,"loc":{"start":{"line":23,"column":14},"end":{"line":23,"column":20}}},"5":{"name":"(anonymous_5)","line":45,"loc":{"start":{"line":30,"column":49},"end":{"line":30,"column":57}}},"6":{"name":"(anonymous_6)","line":58,"loc":{"start":{"line":43,"column":22},"end":{"line":43,"column":32}}},"7":{"name":"(anonymous_7)","line":70,"loc":{"start":{"line":56,"column":43},"end":{"line":56,"column":49}}}},"statementMap":{"1":{"start":{"line":1,"column":-15},"end":{"line":1,"column":-15}},"2":{"start":{"line":2,"column":0},"end":{"line":2,"column":0}},"3":{"start":{"line":0,"column":0},"end":{"line":0,"column":0},"skip":true},"4":{"start":{"line":3,"column":0},"end":{"line":3,"column":0}},"5":{"start":{"line":0,"column":0},"end":{"line":0,"column":0},"skip":true},"6":{"start":{"line":5,"column":0},"end":{"line":5,"column":0}},"7":{"start":{"line":0,"column":0},"end":{"line":0,"column":0},"skip":true},"8":{"start":{"line":0,"column":0},"end":{"line":0,"column":0},"skip":true},"9":{"start":{"line":0,"column":0},"end":{"line":0,"column":0},"skip":true},"10":{"start":{"line":7,"column":0},"end":{"line":7,"column":0}},"11":{"start":{"line":9,"column":0},"end":{"line":9,"column":0}},"12":{"start":{"line":11,"column":4},"end":{"line":11,"column":4}},"13":{"start":{"line":12,"column":8},"end":{"line":16,"column":9}},"14":{"start":{"line":13,"column":12},"end":{"line":13,"column":12}},"15":{"start":{"line":14,"column":12},"end":{"line":14,"column":12}},"16":{"start":{"line":15,"column":12},"end":{"line":15,"column":12}},"17":{"start":{"line":17,"column":8},"end":{"line":17,"column":8}},"18":{"start":{"line":18,"column":8},"end":{"line":18,"column":8}},"19":{"start":{"line":19,"column":8},"end":{"line":19,"column":8}},"20":{"start":{"line":20,"column":8},"end":{"line":20,"column":8}},"21":{"start":{"line":23,"column":4},"end":{"line":23,"column":4}},"22":{"start":{"line":24,"column":8},"end":{"line":27,"column":9}},"23":{"start":{"line":25,"column":12},"end":{"line":25,"column":12}},"24":{"start":{"line":26,"column":12},"end":{"line":26,"column":12}},"25":{"start":{"line":30,"column":4},"end":{"line":30,"column":4}},"26":{"start":{"line":31,"column":8},"end":{"line":31,"column":8}},"27":{"start":{"line":37,"column":8},"end":{"line":37,"column":8}},"28":{"start":{"line":43,"column":8},"end":{"line":43,"column":8}},"29":{"start":{"line":44,"column":12},"end":{"line":52,"column":13}},"30":{"start":{"line":45,"column":16},"end":{"line":45,"column":16}},"31":{"start":{"line":46,"column":16},"end":{"line":46,"column":16}},"32":{"start":{"line":47,"column":16},"end":{"line":47,"column":16}},"33":{"start":{"line":48,"column":16},"end":{"line":48,"column":16}},"34":{"start":{"line":51,"column":16},"end":{"line":51,"column":16}},"35":{"start":{"line":56,"column":4},"end":{"line":56,"column":4}},"36":{"start":{"line":57,"column":8},"end":{"line":57,"column":8}},"37":{"start":{"line":58,"column":8},"end":{"line":58,"column":8}}},"branchMap":{"1":{"line":17,"type":"cond-expr","locations":[{"start":{"line":0,"column":0},"end":{"line":0,"column":0},"skip":true},{"start":{"line":0,"column":0},"end":{"line":0,"column":0},"skip":true}]},"2":{"line":17,"type":"binary-expr","locations":[{"start":{"line":0,"column":0},"end":{"line":0,"column":0},"skip":true},{"start":{"line":0,"column":0},"end":{"line":0,"column":0},"skip":true}]},"3":{"line":27,"type":"if","locations":[{"start":{"line":12,"column":8},"end":{"line":12,"column":8}},{"start":{"line":12,"column":8},"end":{"line":12,"column":8}}]},"4":{"line":39,"type":"if","locations":[{"start":{"line":24,"column":8},"end":{"line":24,"column":8}},{"start":{"line":24,"column":8},"end":{"line":24,"column":8}}]}}},"/Users/JingGuo/Desktop/comp531/hw5/src/components/article/articlesView.spec.js":{"path":"/Users/JingGuo/Desktop/comp531/hw5/src/components/article/articlesView.spec.js","s":{"1":1,"2":1,"3":1,"4":1,"5":1,"6":1,"7":1,"8":1,"9":1,"10":1,"11":1,"12":1,"13":1,"14":4,"15":1,"16":0,"17":0,"18":0,"19":0,"20":0},"b":{"1":[2,2],"2":[4,4]},"f":{"1":4,"2":0,"3":0,"4":0},"fnMap":{"1":{"name":"_interopRequireDefault","line":27,"loc":{"start":{"line":0,"column":0},"end":{"line":0,"column":0},"skip":true},"skip":true},"2":{"name":"(anonymous_2)","line":29,"loc":{"start":{"line":11,"column":42},"end":{"line":11,"column":47}}},"3":{"name":"(anonymous_3)","line":31,"loc":{"start":{"line":13,"column":30},"end":{"line":13,"column":34}}},"4":{"name":"filterKeyword","line":38,"loc":{"start":{"line":19,"column":64},"end":{"line":19,"column":64}}}},"statementMap":{"1":{"start":{"line":1,"column":-15},"end":{"line":1,"column":-15}},"2":{"start":{"line":0,"column":0},"end":{"line":0,"column":0},"skip":true},"3":{"start":{"line":2,"column":0},"end":{"line":2,"column":0}},"4":{"start":{"line":3,"column":0},"end":{"line":3,"column":0}},"5":{"start":{"line":0,"column":0},"end":{"line":0,"column":0},"skip":true},"6":{"start":{"line":4,"column":0},"end":{"line":4,"column":0}},"7":{"start":{"line":5,"column":0},"end":{"line":5,"column":0}},"8":{"start":{"line":6,"column":0},"end":{"line":6,"column":0}},"9":{"start":{"line":7,"column":0},"end":{"line":7,"column":0}},"10":{"start":{"line":0,"column":0},"end":{"line":0,"column":0},"skip":true},"11":{"start":{"line":9,"column":0},"end":{"line":9,"column":0}},"12":{"start":{"line":0,"column":0},"end":{"line":0,"column":0},"skip":true},"13":{"start":{"line":0,"column":0},"end":{"line":0,"column":0},"skip":true},"14":{"start":{"line":0,"column":0},"end":{"line":0,"column":0},"skip":true},"15":{"start":{"line":11,"column":0},"end":{"line":11,"column":0}},"16":{"start":{"line":13,"column":1},"end":{"line":13,"column":1}},"17":{"start":{"line":15,"column":8},"end":{"line":15,"column":8}},"18":{"start":{"line":17,"column":8},"end":{"line":17,"column":8}},"19":{"start":{"line":19,"column":64},"end":{"line":19,"column":64}},"20":{"start":{"line":22,"column":8},"end":{"line":22,"column":8}}},"branchMap":{"1":{"line":27,"type":"cond-expr","locations":[{"start":{"line":0,"column":0},"end":{"line":0,"column":0},"skip":true},{"start":{"line":0,"column":0},"end":{"line":0,"column":0},"skip":true}]},"2":{"line":27,"type":"binary-expr","locations":[{"start":{"line":0,"column":0},"end":{"line":0,"column":0},"skip":true},{"start":{"line":0,"column":0},"end":{"line":0,"column":0},"skip":true}]}}},"/Users/JingGuo/Desktop/comp531/hw5/src/reducers.js":{"path":"/Users/JingGuo/Desktop/comp531/hw5/src/reducers.js","s":{"1":1,"2":1,"3":1,"4":0,"5":0,"6":0,"7":0,"8":0,"9":0,"10":1,"11":1,"12":1,"13":1,"14":1,"15":1,"16":1,"17":5,"18":5,"19":5,"20":0,"21":0,"22":0,"23":1,"24":1,"25":0,"26":3,"27":1,"28":1,"29":6,"30":6,"31":6,"32":1,"33":2,"34":3,"35":1,"36":1,"37":3,"38":3,"39":3,"40":0,"41":3,"42":1,"43":1,"44":3,"45":3,"46":3,"47":0,"48":0,"49":0,"50":0,"51":0,"52":0,"53":0,"54":0,"55":0,"56":0,"57":0,"58":3,"59":1,"60":1},"b":{"1":[1,0],"2":[0,0],"3":[1,0],"4":[1,1],"5":[5,0],"6":[5,5],"7":[0,0,0,1,1,0,3],"8":[5,1],"9":[6,6],"10":[1,2,3],"11":[3,0],"12":[3,3],"13":[0,3],"14":[3,0],"15":[3,3],"16":[0,0,3],"17":[0,0],"18":[0,0],"19":[0,0],"20":[0,0],"21":[0,0]},"f":{"1":0,"2":1,"3":5,"4":6,"5":3,"6":3},"fnMap":{"1":{"name":"(anonymous_1)","line":8,"loc":{"start":{"line":0,"column":0},"end":{"line":0,"column":0},"skip":true},"skip":true},"2":{"name":"_interopRequireDefault","line":16,"loc":{"start":{"line":0,"column":0},"end":{"line":0,"column":0},"skip":true},"skip":true},"3":{"name":"common","line":24,"loc":{"start":{"line":10,"column":22},"end":{"line":10,"column":59}}},"4":{"name":"article","line":60,"loc":{"start":{"line":49,"column":23},"end":{"line":49,"column":61}}},"5":{"name":"follow","line":80,"loc":{"start":{"line":68,"column":22},"end":{"line":68,"column":59}}},"6":{"name":"profile","line":102,"loc":{"start":{"line":89,"column":23},"end":{"line":89,"column":62}}}},"statementMap":{"1":{"start":{"line":0,"column":0},"end":{"line":0,"column":0},"skip":true},"2":{"start":{"line":0,"column":0},"end":{"line":0,"column":0},"skip":true},"3":{"start":{"line":0,"column":0},"end":{"line":0,"column":0},"skip":true},"4":{"start":{"line":0,"column":0},"end":{"line":0,"column":0},"skip":true},"5":{"start":{"line":0,"column":0},"end":{"line":0,"column":0},"skip":true},"6":{"start":{"line":0,"column":0},"end":{"line":0,"column":0},"skip":true},"7":{"start":{"line":0,"column":0},"end":{"line":0,"column":0},"skip":true},"8":{"start":{"line":0,"column":0},"end":{"line":0,"column":0},"skip":true},"9":{"start":{"line":0,"column":0},"end":{"line":0,"column":0},"skip":true},"10":{"start":{"line":1,"column":-15},"end":{"line":1,"column":-15}},"11":{"start":{"line":2,"column":0},"end":{"line":2,"column":0}},"12":{"start":{"line":0,"column":0},"end":{"line":0,"column":0},"skip":true},"13":{"start":{"line":0,"column":0},"end":{"line":0,"column":0},"skip":true},"14":{"start":{"line":0,"column":0},"end":{"line":0,"column":0},"skip":true},"15":{"start":{"line":4,"column":7},"end":{"line":4,"column":7}},"16":{"start":{"line":10,"column":7},"end":{"line":10,"column":7}},"17":{"start":{"line":10,"column":59},"end":{"line":10,"column":59}},"18":{"start":{"line":10,"column":59},"end":{"line":10,"column":59}},"19":{"start":{"line":11,"column":1},"end":{"line":11,"column":1}},"20":{"start":{"line":13,"column":3},"end":{"line":13,"column":3}},"21":{"start":{"line":18,"column":3},"end":{"line":18,"column":3}},"22":{"start":{"line":23,"column":3},"end":{"line":23,"column":3}},"23":{"start":{"line":28,"column":3},"end":{"line":28,"column":3}},"24":{"start":{"line":33,"column":3},"end":{"line":33,"column":3}},"25":{"start":{"line":38,"column":3},"end":{"line":38,"column":3}},"26":{"start":{"line":43,"column":3},"end":{"line":43,"column":3}},"27":{"start":{"line":47,"column":7},"end":{"line":47,"column":7}},"28":{"start":{"line":49,"column":7},"end":{"line":49,"column":7}},"29":{"start":{"line":49,"column":61},"end":{"line":49,"column":61}},"30":{"start":{"line":49,"column":61},"end":{"line":49,"column":61}},"31":{"start":{"line":50,"column":1},"end":{"line":50,"column":1}},"32":{"start":{"line":52,"column":3},"end":{"line":52,"column":3}},"33":{"start":{"line":57,"column":3},"end":{"line":57,"column":3}},"34":{"start":{"line":62,"column":3},"end":{"line":62,"column":3}},"35":{"start":{"line":66,"column":7},"end":{"line":66,"column":7}},"36":{"start":{"line":68,"column":7},"end":{"line":68,"column":7}},"37":{"start":{"line":68,"column":59},"end":{"line":68,"column":59}},"38":{"start":{"line":68,"column":59},"end":{"line":68,"column":59}},"39":{"start":{"line":69,"column":1},"end":{"line":69,"column":1}},"40":{"start":{"line":71,"column":3},"end":{"line":71,"column":3}},"41":{"start":{"line":76,"column":3},"end":{"line":76,"column":3}},"42":{"start":{"line":81,"column":7},"end":{"line":81,"column":7}},"43":{"start":{"line":89,"column":7},"end":{"line":89,"column":7}},"44":{"start":{"line":89,"column":62},"end":{"line":89,"column":62}},"45":{"start":{"line":89,"column":62},"end":{"line":89,"column":62}},"46":{"start":{"line":90,"column":1},"end":{"line":90,"column":1}},"47":{"start":{"line":92,"column":3},"end":{"line":92,"column":3}},"48":{"start":{"line":97,"column":3},"end":{"line":102,"column":4}},"49":{"start":{"line":98,"column":4},"end":{"line":98,"column":4}},"50":{"start":{"line":103,"column":3},"end":{"line":105,"column":4}},"51":{"start":{"line":104,"column":4},"end":{"line":104,"column":4}},"52":{"start":{"line":106,"column":3},"end":{"line":111,"column":4}},"53":{"start":{"line":107,"column":4},"end":{"line":107,"column":4}},"54":{"start":{"line":112,"column":3},"end":{"line":117,"column":4}},"55":{"start":{"line":113,"column":4},"end":{"line":113,"column":4}},"56":{"start":{"line":118,"column":3},"end":{"line":122,"column":4}},"57":{"start":{"line":119,"column":4},"end":{"line":119,"column":4}},"58":{"start":{"line":124,"column":3},"end":{"line":124,"column":3}},"59":{"start":{"line":129,"column":0},"end":{"line":129,"column":0}},"60":{"start":{"line":0,"column":0},"end":{"line":0,"column":0},"skip":true}},"branchMap":{"1":{"line":8,"type":"binary-expr","locations":[{"start":{"line":0,"column":0},"end":{"line":0,"column":0},"skip":true},{"start":{"line":0,"column":0},"end":{"line":0,"column":0},"skip":true}]},"2":{"line":8,"type":"if","locations":[{"start":{"line":0,"column":0},"end":{"line":0,"column":0},"skip":true},{"start":{"line":0,"column":0},"end":{"line":0,"column":0},"skip":true}]},"3":{"line":16,"type":"cond-expr","locations":[{"start":{"line":0,"column":0},"end":{"line":0,"column":0},"skip":true},{"start":{"line":0,"column":0},"end":{"line":0,"column":0},"skip":true}]},"4":{"line":16,"type":"binary-expr","locations":[{"start":{"line":0,"column":0},"end":{"line":0,"column":0},"skip":true},{"start":{"line":0,"column":0},"end":{"line":0,"column":0},"skip":true}]},"5":{"line":25,"type":"cond-expr","locations":[{"start":{"line":10,"column":31},"end":{"line":10,"column":59}},{"start":{"line":10,"column":59},"end":{"line":10,"column":59}}]},"6":{"line":25,"type":"binary-expr","locations":[{"start":{"line":10,"column":59},"end":{"line":10,"column":59}},{"start":{"line":10,"column":59},"end":{"line":10,"column":59}}]},"7":{"line":28,"type":"switch","locations":[{"start":{"line":12,"column":2},"end":{"line":13,"column":3}},{"start":{"line":17,"column":2},"end":{"line":18,"column":3}},{"start":{"line":22,"column":2},"end":{"line":23,"column":3}},{"start":{"line":27,"column":2},"end":{"line":28,"column":3}},{"start":{"line":32,"column":2},"end":{"line":33,"column":3}},{"start":{"line":37,"column":2},"end":{"line":38,"column":3}},{"start":{"line":42,"column":2},"end":{"line":43,"column":3}}]},"8":{"line":61,"type":"cond-expr","locations":[{"start":{"line":49,"column":32},"end":{"line":49,"column":61}},{"start":{"line":49,"column":61},"end":{"line":49,"column":61}}]},"9":{"line":61,"type":"binary-expr","locations":[{"start":{"line":49,"column":61},"end":{"line":49,"column":61}},{"start":{"line":49,"column":61},"end":{"line":49,"column":61}}]},"10":{"line":64,"type":"switch","locations":[{"start":{"line":51,"column":2},"end":{"line":52,"column":3}},{"start":{"line":56,"column":2},"end":{"line":57,"column":3}},{"start":{"line":61,"column":2},"end":{"line":62,"column":3}}]},"11":{"line":81,"type":"cond-expr","locations":[{"start":{"line":68,"column":31},"end":{"line":68,"column":59}},{"start":{"line":68,"column":59},"end":{"line":68,"column":59}}]},"12":{"line":81,"type":"binary-expr","locations":[{"start":{"line":68,"column":59},"end":{"line":68,"column":59}},{"start":{"line":68,"column":59},"end":{"line":68,"column":59}}]},"13":{"line":84,"type":"switch","locations":[{"start":{"line":70,"column":2},"end":{"line":71,"column":3}},{"start":{"line":75,"column":2},"end":{"line":76,"column":3}}]},"14":{"line":103,"type":"cond-expr","locations":[{"start":{"line":89,"column":32},"end":{"line":89,"column":62}},{"start":{"line":89,"column":62},"end":{"line":89,"column":62}}]},"15":{"line":103,"type":"binary-expr","locations":[{"start":{"line":89,"column":62},"end":{"line":89,"column":62}},{"start":{"line":89,"column":62},"end":{"line":89,"column":62}}]},"16":{"line":106,"type":"switch","locations":[{"start":{"line":91,"column":2},"end":{"line":92,"column":3}},{"start":{"line":96,"column":2},"end":{"line":122,"column":4}},{"start":{"line":123,"column":2},"end":{"line":124,"column":3}}]},"17":{"line":112,"type":"if","locations":[{"start":{"line":97,"column":3},"end":{"line":97,"column":3}},{"start":{"line":97,"column":3},"end":{"line":97,"column":3}}]},"18":{"line":117,"type":"if","locations":[{"start":{"line":103,"column":3},"end":{"line":103,"column":3}},{"start":{"line":103,"column":3},"end":{"line":103,"column":3}}]},"19":{"line":120,"type":"if","locations":[{"start":{"line":106,"column":3},"end":{"line":106,"column":3}},{"start":{"line":106,"column":3},"end":{"line":106,"column":3}}]},"20":{"line":125,"type":"if","locations":[{"start":{"line":112,"column":3},"end":{"line":112,"column":3}},{"start":{"line":112,"column":3},"end":{"line":112,"column":3}}]},"21":{"line":130,"type":"if","locations":[{"start":{"line":118,"column":3},"end":{"line":118,"column":3}},{"start":{"line":118,"column":3},"end":{"line":118,"column":3}}]}}},"/Users/JingGuo/Desktop/comp531/hw5/src/components/article/comment.js":{"path":"/Users/JingGuo/Desktop/comp531/hw5/src/components/article/comment.js","s":{},"b":{},"f":{},"fnMap":{},"statementMap":{},"branchMap":{}},"/Users/JingGuo/Desktop/comp531/hw5/src/components/article/newArticle.js":{"path":"/Users/JingGuo/Desktop/comp531/hw5/src/components/article/newArticle.js","s":{},"b":{},"f":{},"fnMap":{},"statementMap":{},"branchMap":{}},"/Users/JingGuo/Desktop/comp531/hw5/src/components/auth/authActions.spec.js":{"path":"/Users/JingGuo/Desktop/comp531/hw5/src/components/auth/authActions.spec.js","s":{"1":1,"2":1,"3":1,"4":1,"5":1,"6":1,"7":1,"8":1,"9":3,"10":1,"11":0,"12":0,"13":0,"14":0,"15":0,"16":0,"17":0,"18":0,"19":0,"20":0,"21":0,"22":0,"23":0,"24":0,"25":0,"26":0,"27":0,"28":0,"29":0,"30":0,"31":0,"32":0,"33":0,"34":0,"35":0,"36":0,"37":0,"38":0,"39":0,"40":0,"41":0,"42":0,"43":0,"44":0,"45":0,"46":0,"47":0,"48":0,"49":0,"50":0},"b":{"1":[1,2],"2":[3,3],"3":[0,0],"4":[0,0],"5":[0,0],"6":[0,0]},"f":{"1":3,"2":0,"3":0,"4":0,"5":0,"6":0,"7":0,"8":0,"9":0,"10":0,"11":0},"fnMap":{"1":{"name":"_interopRequireDefault","line":17,"loc":{"start":{"line":0,"column":0},"end":{"line":0,"column":0},"skip":true},"skip":true},"2":{"name":"(anonymous_2)","line":19,"loc":{"start":{"line":8,"column":73},"end":{"line":8,"column":79}}},"3":{"name":"(anonymous_3)","line":25,"loc":{"start":{"line":14,"column":12},"end":{"line":14,"column":18}}},"4":{"name":"(anonymous_4)","line":37,"loc":{"start":{"line":27,"column":11},"end":{"line":27,"column":17}}},"5":{"name":"(anonymous_5)","line":44,"loc":{"start":{"line":34,"column":31},"end":{"line":34,"column":39}}},"6":{"name":"(anonymous_6)","line":56,"loc":{"start":{"line":46,"column":33},"end":{"line":46,"column":45}}},"7":{"name":"(anonymous_7)","line":65,"loc":{"start":{"line":56,"column":14},"end":{"line":56,"column":20}}},"8":{"name":"(anonymous_8)","line":70,"loc":{"start":{"line":63,"column":58},"end":{"line":63,"column":66}}},"9":{"name":"(anonymous_9)","line":77,"loc":{"start":{"line":72,"column":12},"end":{"line":72,"column":22}}},"10":{"name":"(anonymous_10)","line":83,"loc":{"start":{"line":80,"column":52},"end":{"line":80,"column":62}}},"11":{"name":"(anonymous_11)","line":94,"loc":{"start":{"line":91,"column":34},"end":{"line":91,"column":44}}}},"statementMap":{"1":{"start":{"line":1,"column":-15},"end":{"line":1,"column":-15}},"2":{"start":{"line":0,"column":0},"end":{"line":0,"column":0},"skip":true},"3":{"start":{"line":2,"column":0},"end":{"line":2,"column":0}},"4":{"start":{"line":0,"column":0},"end":{"line":0,"column":0},"skip":true},"5":{"start":{"line":3,"column":0},"end":{"line":3,"column":0}},"6":{"start":{"line":5,"column":0},"end":{"line":5,"column":0}},"7":{"start":{"line":0,"column":0},"end":{"line":0,"column":0},"skip":true},"8":{"start":{"line":0,"column":0},"end":{"line":0,"column":0},"skip":true},"9":{"start":{"line":0,"column":0},"end":{"line":0,"column":0},"skip":true},"10":{"start":{"line":8,"column":0},"end":{"line":8,"column":0}},"11":{"start":{"line":9,"column":1},"end":{"line":9,"column":1}},"12":{"start":{"line":10,"column":1},"end":{"line":10,"column":1}},"13":{"start":{"line":11,"column":1},"end":{"line":11,"column":1}},"14":{"start":{"line":12,"column":1},"end":{"line":12,"column":1}},"15":{"start":{"line":14,"column":1},"end":{"line":14,"column":1}},"16":{"start":{"line":15,"column":2},"end":{"line":24,"column":5}},"17":{"start":{"line":16,"column":3},"end":{"line":16,"column":3}},"18":{"start":{"line":17,"column":3},"end":{"line":17,"column":3}},"19":{"start":{"line":18,"column":3},"end":{"line":18,"column":3}},"20":{"start":{"line":19,"column":3},"end":{"line":19,"column":3}},"21":{"start":{"line":20,"column":5},"end":{"line":20,"column":5}},"22":{"start":{"line":21,"column":5},"end":{"line":21,"column":5}},"23":{"start":{"line":22,"column":5},"end":{"line":22,"column":5}},"24":{"start":{"line":27,"column":1},"end":{"line":27,"column":1}},"25":{"start":{"line":28,"column":4},"end":{"line":31,"column":5}},"26":{"start":{"line":29,"column":3},"end":{"line":29,"column":3}},"27":{"start":{"line":30,"column":3},"end":{"line":30,"column":3}},"28":{"start":{"line":34,"column":4},"end":{"line":34,"column":4}},"29":{"start":{"line":36,"column":8},"end":{"line":36,"column":8}},"30":{"start":{"line":37,"column":8},"end":{"line":37,"column":8}},"31":{"start":{"line":39,"column":8},"end":{"line":39,"column":8}},"32":{"start":{"line":45,"column":8},"end":{"line":45,"column":8}},"33":{"start":{"line":46,"column":8},"end":{"line":46,"column":8}},"34":{"start":{"line":47,"column":12},"end":{"line":54,"column":13}},"35":{"start":{"line":48,"column":16},"end":{"line":50,"column":17}},"36":{"start":{"line":49,"column":20},"end":{"line":49,"column":20}},"37":{"start":{"line":51,"column":16},"end":{"line":51,"column":16}},"38":{"start":{"line":53,"column":16},"end":{"line":53,"column":16}},"39":{"start":{"line":57,"column":12},"end":{"line":57,"column":12}},"40":{"start":{"line":63,"column":4},"end":{"line":63,"column":4}},"41":{"start":{"line":65,"column":8},"end":{"line":65,"column":8}},"42":{"start":{"line":71,"column":8},"end":{"line":71,"column":8}},"43":{"start":{"line":73,"column":16},"end":{"line":73,"column":16}},"44":{"start":{"line":76,"column":8},"end":{"line":76,"column":8}},"45":{"start":{"line":80,"column":1},"end":{"line":80,"column":1}},"46":{"start":{"line":82,"column":8},"end":{"line":82,"column":8}},"47":{"start":{"line":83,"column":8},"end":{"line":83,"column":8}},"48":{"start":{"line":85,"column":8},"end":{"line":85,"column":8}},"49":{"start":{"line":91,"column":8},"end":{"line":91,"column":8}},"50":{"start":{"line":92,"column":12},"end":{"line":92,"column":12}}},"branchMap":{"1":{"line":17,"type":"cond-expr","locations":[{"start":{"line":0,"column":0},"end":{"line":0,"column":0},"skip":true},{"start":{"line":0,"column":0},"end":{"line":0,"column":0},"skip":true}]},"2":{"line":17,"type":"binary-expr","locations":[{"start":{"line":0,"column":0},"end":{"line":0,"column":0},"skip":true},{"start":{"line":0,"column":0},"end":{"line":0,"column":0},"skip":true}]},"3":{"line":26,"type":"if","locations":[{"start":{"line":15,"column":2},"end":{"line":15,"column":2}},{"start":{"line":15,"column":2},"end":{"line":15,"column":2}}]},"4":{"line":38,"type":"if","locations":[{"start":{"line":28,"column":4},"end":{"line":28,"column":4}},{"start":{"line":28,"column":4},"end":{"line":28,"column":4}}]},"5":{"line":58,"type":"if","locations":[{"start":{"line":48,"column":16},"end":{"line":48,"column":16}},{"start":{"line":48,"column":16},"end":{"line":48,"column":16}}]},"6":{"line":78,"type":"binary-expr","locations":[{"start":{"line":73,"column":23},"end":{"line":73,"column":23}},{"start":{"line":73,"column":56},"end":{"line":73,"column":16}}]}}},"/Users/JingGuo/Desktop/comp531/hw5/src/components/profile/avatar.js":{"path":"/Users/JingGuo/Desktop/comp531/hw5/src/components/profile/avatar.js","s":{},"b":{},"f":{},"fnMap":{},"statementMap":{},"branchMap":{}},"/Users/JingGuo/Desktop/comp531/hw5/src/components/profile/profileActions.spec.js":{"path":"/Users/JingGuo/Desktop/comp531/hw5/src/components/profile/profileActions.spec.js","s":{"1":1,"2":1,"3":1,"4":1,"5":1,"6":1,"7":2,"8":1,"9":0,"10":0,"11":0,"12":0,"13":0,"14":0,"15":0,"16":0,"17":0,"18":0,"19":0,"20":0,"21":0,"22":0,"23":0,"24":0,"25":0,"26":0,"27":0,"28":0,"29":0,"30":0,"31":0,"32":0,"33":0,"34":0,"35":0,"36":0,"37":0,"38":0,"39":0,"40":0,"41":0,"42":0,"43":0,"44":0,"45":0,"46":0,"47":0,"48":0,"49":0,"50":0,"51":0,"52":0,"53":0,"54":0,"55":0,"56":0,"57":0,"58":0,"59":0,"60":0,"61":0,"62":0,"63":0,"64":0},"b":{"1":[0,2],"2":[2,2],"3":[0,0],"4":[0,0]},"f":{"1":2,"2":0,"3":0,"4":0,"5":0,"6":0,"7":0,"8":0,"9":0,"10":0,"11":0,"12":0,"13":0,"14":0},"fnMap":{"1":{"name":"_interopRequireDefault","line":13,"loc":{"start":{"line":0,"column":0},"end":{"line":0,"column":0},"skip":true},"skip":true},"2":{"name":"(anonymous_2)","line":15,"loc":{"start":{"line":6,"column":55},"end":{"line":6,"column":60}}},"3":{"name":"(anonymous_3)","line":21,"loc":{"start":{"line":9,"column":12},"end":{"line":9,"column":18}}},"4":{"name":"(anonymous_4)","line":33,"loc":{"start":{"line":21,"column":11},"end":{"line":21,"column":17}}},"5":{"name":"(anonymous_5)","line":40,"loc":{"start":{"line":28,"column":35},"end":{"line":28,"column":43}}},"6":{"name":"(anonymous_6)","line":46,"loc":{"start":{"line":34,"column":28},"end":{"line":34,"column":38}}},"7":{"name":"(anonymous_7)","line":57,"loc":{"start":{"line":45,"column":37},"end":{"line":45,"column":45}}},"8":{"name":"(anonymous_8)","line":63,"loc":{"start":{"line":51,"column":30},"end":{"line":51,"column":40}}},"9":{"name":"(anonymous_9)","line":74,"loc":{"start":{"line":62,"column":39},"end":{"line":62,"column":47}}},"10":{"name":"(anonymous_10)","line":80,"loc":{"start":{"line":68,"column":32},"end":{"line":68,"column":42}}},"11":{"name":"(anonymous_11)","line":91,"loc":{"start":{"line":79,"column":38},"end":{"line":79,"column":46}}},"12":{"name":"(anonymous_12)","line":97,"loc":{"start":{"line":85,"column":31},"end":{"line":85,"column":41}}},"13":{"name":"(anonymous_13)","line":108,"loc":{"start":{"line":96,"column":29},"end":{"line":96,"column":38}}},"14":{"name":"(anonymous_14)","line":116,"loc":{"start":{"line":104,"column":42},"end":{"line":104,"column":52}}}},"statementMap":{"1":{"start":{"line":1,"column":-15},"end":{"line":1,"column":-15}},"2":{"start":{"line":2,"column":0},"end":{"line":2,"column":0}},"3":{"start":{"line":0,"column":0},"end":{"line":0,"column":0},"skip":true},"4":{"start":{"line":3,"column":0},"end":{"line":3,"column":0}},"5":{"start":{"line":0,"column":0},"end":{"line":0,"column":0},"skip":true},"6":{"start":{"line":0,"column":0},"end":{"line":0,"column":0},"skip":true},"7":{"start":{"line":0,"column":0},"end":{"line":0,"column":0},"skip":true},"8":{"start":{"line":6,"column":0},"end":{"line":6,"column":0}},"9":{"start":{"line":7,"column":1},"end":{"line":7,"column":1}},"10":{"start":{"line":9,"column":1},"end":{"line":9,"column":1}},"11":{"start":{"line":10,"column":2},"end":{"line":14,"column":5}},"12":{"start":{"line":11,"column":3},"end":{"line":11,"column":3}},"13":{"start":{"line":12,"column":3},"end":{"line":12,"column":3}},"14":{"start":{"line":13,"column":3},"end":{"line":13,"column":3}},"15":{"start":{"line":15,"column":4},"end":{"line":15,"column":4}},"16":{"start":{"line":16,"column":2},"end":{"line":16,"column":2}},"17":{"start":{"line":17,"column":4},"end":{"line":17,"column":4}},"18":{"start":{"line":18,"column":4},"end":{"line":18,"column":4}},"19":{"start":{"line":21,"column":1},"end":{"line":21,"column":1}},"20":{"start":{"line":22,"column":4},"end":{"line":25,"column":5}},"21":{"start":{"line":23,"column":3},"end":{"line":23,"column":3}},"22":{"start":{"line":24,"column":3},"end":{"line":24,"column":3}},"23":{"start":{"line":28,"column":1},"end":{"line":28,"column":1}},"24":{"start":{"line":29,"column":2},"end":{"line":29,"column":2}},"25":{"start":{"line":34,"column":2},"end":{"line":34,"column":2}},"26":{"start":{"line":35,"column":3},"end":{"line":41,"column":4}},"27":{"start":{"line":36,"column":4},"end":{"line":36,"column":4}},"28":{"start":{"line":37,"column":4},"end":{"line":37,"column":4}},"29":{"start":{"line":38,"column":4},"end":{"line":38,"column":4}},"30":{"start":{"line":40,"column":4},"end":{"line":40,"column":4}},"31":{"start":{"line":45,"column":1},"end":{"line":45,"column":1}},"32":{"start":{"line":46,"column":2},"end":{"line":46,"column":2}},"33":{"start":{"line":51,"column":2},"end":{"line":51,"column":2}},"34":{"start":{"line":52,"column":3},"end":{"line":58,"column":4}},"35":{"start":{"line":53,"column":4},"end":{"line":53,"column":4}},"36":{"start":{"line":54,"column":4},"end":{"line":54,"column":4}},"37":{"start":{"line":55,"column":4},"end":{"line":55,"column":4}},"38":{"start":{"line":57,"column":4},"end":{"line":57,"column":4}},"39":{"start":{"line":62,"column":1},"end":{"line":62,"column":1}},"40":{"start":{"line":63,"column":2},"end":{"line":63,"column":2}},"41":{"start":{"line":68,"column":2},"end":{"line":68,"column":2}},"42":{"start":{"line":69,"column":3},"end":{"line":75,"column":4}},"43":{"start":{"line":70,"column":4},"end":{"line":70,"column":4}},"44":{"start":{"line":71,"column":4},"end":{"line":71,"column":4}},"45":{"start":{"line":72,"column":4},"end":{"line":72,"column":4}},"46":{"start":{"line":74,"column":4},"end":{"line":74,"column":4}},"47":{"start":{"line":79,"column":1},"end":{"line":79,"column":1}},"48":{"start":{"line":80,"column":2},"end":{"line":80,"column":2}},"49":{"start":{"line":85,"column":2},"end":{"line":85,"column":2}},"50":{"start":{"line":86,"column":3},"end":{"line":92,"column":4}},"51":{"start":{"line":87,"column":4},"end":{"line":87,"column":4}},"52":{"start":{"line":88,"column":4},"end":{"line":88,"column":4}},"53":{"start":{"line":89,"column":4},"end":{"line":89,"column":4}},"54":{"start":{"line":91,"column":4},"end":{"line":91,"column":4}},"55":{"start":{"line":96,"column":1},"end":{"line":96,"column":1}},"56":{"start":{"line":97,"column":2},"end":{"line":97,"column":2}},"57":{"start":{"line":98,"column":2},"end":{"line":98,"column":2}},"58":{"start":{"line":99,"column":2},"end":{"line":99,"column":2}},"59":{"start":{"line":104,"column":2},"end":{"line":104,"column":2}},"60":{"start":{"line":105,"column":3},"end":{"line":111,"column":4}},"61":{"start":{"line":106,"column":4},"end":{"line":106,"column":4}},"62":{"start":{"line":107,"column":4},"end":{"line":107,"column":4}},"63":{"start":{"line":108,"column":4},"end":{"line":108,"column":4}},"64":{"start":{"line":110,"column":4},"end":{"line":110,"column":4}}},"branchMap":{"1":{"line":13,"type":"cond-expr","locations":[{"start":{"line":0,"column":0},"end":{"line":0,"column":0},"skip":true},{"start":{"line":0,"column":0},"end":{"line":0,"column":0},"skip":true}]},"2":{"line":13,"type":"binary-expr","locations":[{"start":{"line":0,"column":0},"end":{"line":0,"column":0},"skip":true},{"start":{"line":0,"column":0},"end":{"line":0,"column":0},"skip":true}]},"3":{"line":22,"type":"if","locations":[{"start":{"line":10,"column":2},"end":{"line":10,"column":2}},{"start":{"line":10,"column":2},"end":{"line":10,"column":2}}]},"4":{"line":34,"type":"if","locations":[{"start":{"line":22,"column":4},"end":{"line":22,"column":4}},{"start":{"line":22,"column":4},"end":{"line":22,"column":4}}]}}},"/Users/JingGuo/Desktop/comp531/hw5/src/components/profile/profileForm.js":{"path":"/Users/JingGuo/Desktop/comp531/hw5/src/components/profile/profileForm.js","s":{},"b":{},"f":{},"fnMap":{},"statementMap":{},"branchMap":{}},"/Users/JingGuo/Desktop/comp531/hw5/src/index.js":{"path":"/Users/JingGuo/Desktop/comp531/hw5/src/index.js","s":{"1":1,"2":1,"3":1,"4":1,"5":1,"6":1,"7":1,"8":1,"9":1,"10":1,"11":1,"12":1,"13":1,"14":1,"15":5,"16":1,"17":0,"18":0,"19":0,"20":0,"21":0},"b":{"1":[3,2],"2":[5,5]},"f":{"1":5},"fnMap":{"1":{"name":"_interopRequireDefault","line":29,"loc":{"start":{"line":0,"column":0},"end":{"line":0,"column":0},"skip":true},"skip":true}},"statementMap":{"1":{"start":{"line":5,"column":0},"end":{"line":5,"column":0}},"2":{"start":{"line":0,"column":0},"end":{"line":0,"column":0},"skip":true},"3":{"start":{"line":6,"column":0},"end":{"line":6,"column":0}},"4":{"start":{"line":7,"column":0},"end":{"line":7,"column":0}},"5":{"start":{"line":0,"column":0},"end":{"line":0,"column":0},"skip":true},"6":{"start":{"line":8,"column":0},"end":{"line":8,"column":0}},"7":{"start":{"line":9,"column":0},"end":{"line":9,"column":0}},"8":{"start":{"line":0,"column":0},"end":{"line":0,"column":0},"skip":true},"9":{"start":{"line":10,"column":0},"end":{"line":10,"column":0}},"10":{"start":{"line":12,"column":0},"end":{"line":12,"column":0}},"11":{"start":{"line":0,"column":0},"end":{"line":0,"column":0},"skip":true},"12":{"start":{"line":13,"column":0},"end":{"line":13,"column":0}},"13":{"start":{"line":0,"column":0},"end":{"line":0,"column":0},"skip":true},"14":{"start":{"line":0,"column":0},"end":{"line":0,"column":0},"skip":true},"15":{"start":{"line":0,"column":0},"end":{"line":0,"column":0},"skip":true},"16":{"start":{"line":1,"column":-15},"end":{"line":1,"column":-15}},"17":{"start":{"line":2,"column":0},"end":{"line":2,"column":0}},"18":{"start":{"line":3,"column":0},"end":{"line":3,"column":0}},"19":{"start":{"line":15,"column":0},"end":{"line":15,"column":0}},"20":{"start":{"line":16,"column":0},"end":{"line":16,"column":0}},"21":{"start":{"line":18,"column":0},"end":{"line":18,"column":0}}},"branchMap":{"1":{"line":29,"type":"cond-expr","locations":[{"start":{"line":0,"column":0},"end":{"line":0,"column":0},"skip":true},{"start":{"line":0,"column":0},"end":{"line":0,"column":0},"skip":true}]},"2":{"line":29,"type":"binary-expr","locations":[{"start":{"line":0,"column":0},"end":{"line":0,"column":0},"skip":true},{"start":{"line":0,"column":0},"end":{"line":0,"column":0},"skip":true}]}}},"/Users/JingGuo/Desktop/comp531/hw5/src/reducers.spec.js":{"path":"/Users/JingGuo/Desktop/comp531/hw5/src/reducers.spec.js","s":{"1":1,"2":1,"3":1,"4":1,"5":1,"6":1,"7":1,"8":1,"9":2,"10":1,"11":0,"12":0,"13":0,"14":0,"15":0,"16":0,"17":0,"18":0,"19":0,"20":0,"21":0,"22":0,"23":0},"b":{"1":[2,0],"2":[2,2]},"f":{"1":2,"2":0,"3":0,"4":0,"5":0,"6":0,"7":0,"8":0},"fnMap":{"1":{"name":"_interopRequireDefault","line":17,"loc":{"start":{"line":0,"column":0},"end":{"line":0,"column":0},"skip":true},"skip":true},"2":{"name":"(anonymous_2)","line":19,"loc":{"start":{"line":8,"column":54},"end":{"line":8,"column":59}}},"3":{"name":"(anonymous_3)","line":21,"loc":{"start":{"line":10,"column":31},"end":{"line":10,"column":35}}},"4":{"name":"(anonymous_4)","line":30,"loc":{"start":{"line":19,"column":68},"end":{"line":19,"column":73}}},"5":{"name":"(anonymous_5)","line":34,"loc":{"start":{"line":26,"column":64},"end":{"line":26,"column":69}}},"6":{"name":"(anonymous_6)","line":38,"loc":{"start":{"line":33,"column":30},"end":{"line":33,"column":35}}},"7":{"name":"(anonymous_7)","line":42,"loc":{"start":{"line":40,"column":36},"end":{"line":40,"column":41}}},"8":{"name":"(anonymous_8)","line":46,"loc":{"start":{"line":46,"column":61},"end":{"line":46,"column":66}}}},"statementMap":{"1":{"start":{"line":1,"column":-15},"end":{"line":1,"column":-15}},"2":{"start":{"line":3,"column":0},"end":{"line":3,"column":0}},"3":{"start":{"line":0,"column":0},"end":{"line":0,"column":0},"skip":true},"4":{"start":{"line":4,"column":0},"end":{"line":4,"column":0}},"5":{"start":{"line":0,"column":0},"end":{"line":0,"column":0},"skip":true},"6":{"start":{"line":5,"column":0},"end":{"line":5,"column":0}},"7":{"start":{"line":6,"column":0},"end":{"line":6,"column":0}},"8":{"start":{"line":0,"column":0},"end":{"line":0,"column":0},"skip":true},"9":{"start":{"line":0,"column":0},"end":{"line":0,"column":0},"skip":true},"10":{"start":{"line":8,"column":0},"end":{"line":8,"column":0}},"11":{"start":{"line":10,"column":1},"end":{"line":10,"column":1}},"12":{"start":{"line":11,"column":2},"end":{"line":11,"column":2}},"13":{"start":{"line":19,"column":1},"end":{"line":19,"column":1}},"14":{"start":{"line":20,"column":2},"end":{"line":20,"column":2}},"15":{"start":{"line":26,"column":1},"end":{"line":26,"column":1}},"16":{"start":{"line":27,"column":2},"end":{"line":27,"column":2}},"17":{"start":{"line":33,"column":1},"end":{"line":33,"column":1}},"18":{"start":{"line":34,"column":2},"end":{"line":34,"column":2}},"19":{"start":{"line":40,"column":1},"end":{"line":40,"column":1}},"20":{"start":{"line":41,"column":2},"end":{"line":41,"column":2}},"21":{"start":{"line":46,"column":1},"end":{"line":46,"column":1}},"22":{"start":{"line":47,"column":2},"end":{"line":47,"column":2}},"23":{"start":{"line":50,"column":2},"end":{"line":50,"column":2}}},"branchMap":{"1":{"line":17,"type":"cond-expr","locations":[{"start":{"line":0,"column":0},"end":{"line":0,"column":0},"skip":true},{"start":{"line":0,"column":0},"end":{"line":0,"column":0},"skip":true}]},"2":{"line":17,"type":"binary-expr","locations":[{"start":{"line":0,"column":0},"end":{"line":0,"column":0},"skip":true},{"start":{"line":0,"column":0},"end":{"line":0,"column":0},"skip":true}]}}}}